  1983.0  0.0
  1988.9 -0.0490364716
  1988.92 -0.0455531079
  1988.94 -0.0420854625
  1988.96 -0.0386492536
  1988.98 -0.0352633904
  1989. -0.0319595414
  1989.02 -0.0287725638
  1989.04 -0.0257373148
  1989.06 -0.0228886516
  1989.08 -0.0202614314
  1989.1 -0.0178905113
  1989.12 -0.0158107485
  1989.14 -0.0140570003
  1989.16 -0.0126641237
  1989.18 -0.0116669761
  1989.2 -0.0111004145
  1989.22 -0.0109992962
  1989.24 -0.0113972319
  1989.26 -0.0122991494
  1989.28 -0.0136812868
  1989.3 -0.0155180573
  1989.32 -0.0177706069
  1989.34 -0.0203868155
  1989.36 -0.0233139862
  1989.38 -0.0264990594
  1989.4 -0.0298806328
  1989.42 -0.0333889594
  1989.44 -0.0369539295
  1989.46 -0.0405054335
  1989.48 -0.0439749227
  1989.5 -0.0473297512
  1989.52 -0.0505731745
  1989.54 -0.0537100087
  1989.56 -0.056745588
  1989.58 -0.0596971613
  1989.6 -0.0625938946
  1989.62 -0.0654654726
  1989.64 -0.0683257331
  1989.66 -0.0711251156
  1989.68 -0.0737982074
  1989.7 -0.0762795955
  1989.72 -0.0785038672
  1989.74 -0.0804056096
  1989.76 -0.0819194099
  1989.78 -0.0829798552
  1989.8 -0.0835215327
  1989.82 -0.0834798555
  1989.84 -0.082793541
  1989.86 -0.0814021332
  1989.88 -0.0792451757
  1989.9 -0.0762622124
  1989.92 -0.0723927871
  1989.94 -0.0675764436
  1989.96 -0.0617527256
  1989.98 -0.0548632726
  1990. -0.046897917
  1990.02 -0.0378946826
  1990.04 -0.0278936885
  1990.06 -0.0169535756
  1990.08 -0.0052070659
  1990.1  0.00719459998
  1990.12  0.0201001814
  1990.14  0.0333584376
  1990.16  0.0468181281
  1990.18  0.0603280122
  1990.2  0.0737368492
  1990.22  0.0868933985
  1990.24  0.0996464194
  1990.26  0.111844671
  1990.28  0.123336914
  1990.3  0.133975252
  1990.32  0.143688754
  1990.34  0.15248344
  1990.36  0.160369417
  1990.38  0.167373785
  1990.4  0.173540634
  1990.42  0.178914788
  1990.44  0.183541075
  1990.46  0.187464322
  1990.48  0.190728833
  1990.5  0.193366926
  1990.52  0.195398933
  1990.54  0.196844664
  1990.56  0.197723929
  1990.58  0.198056538
  1990.6  0.197862301
  1990.62  0.197161028
  1990.64  0.195972528
  1990.66  0.194316613
  1990.68  0.192213093
  1990.7  0.189681776
  1990.72  0.186742474
  1990.74  0.183414996
  1990.76  0.179719153
  1990.78  0.175674754
  1990.8  0.171301609
  1990.82  0.16661953
  1990.84  0.161648325
  1990.86  0.156407804
  1990.88  0.150917779
  1990.9  0.145198058
  1990.92  0.139268453
  1990.94  0.133148772
  1990.96  0.126858826
  1990.98  0.120418426
  1991.  0.113847381
  1991.02  0.107165501
  1991.04  0.100392596
  1991.06  0.0935484765
  1991.08  0.0866529525
  1991.1  0.0797258339
  1991.12  0.072786931
  1991.14  0.0658560536
  1991.16  0.0589530119
  1991.18  0.0520976159
  1991.2  0.0453096756
  1991.22  0.0386090013
  1991.24  0.0320154028
  1991.26  0.0255486903
  1991.28  0.0192286738
  1991.3  0.0130751634
  1991.32  0.00710796916
  1991.34  0.00134690112
  1991.36 -0.00418823066
  1991.38 -0.00948262204
  1991.4 -0.0145414899
  1991.42 -0.0193750557
  1991.44 -0.023993541
  1991.46 -0.0284071671
  1991.48 -0.0326323524
  1991.5 -0.0367102932
  1991.52 -0.0406883782
  1991.54 -0.044613996
  1991.56 -0.0485236584
  1991.58 -0.0524103732
  1991.6 -0.0562562732
  1991.62 -0.0600434911
  1991.64 -0.0637541599
  1991.66 -0.0673704122
  1991.68 -0.0708743809
  1991.7 -0.0742481988
  1991.72 -0.0774715197
  1991.74 -0.0805140882
  1991.76 -0.0833431736
  1991.78 -0.0859271324
  1991.8 -0.088259309
  1991.82 -0.0903580188
  1991.84 -0.0922426618
  1991.86 -0.0939326382
  1991.88 -0.0954437685
  1991.9 -0.0967775584
  1991.92 -0.0979319348
  1991.94 -0.0989048248
  1991.96 -0.0996863757
  1991.98 -0.100235611
  1992. -0.100503771
  1992.02 -0.100442097
  1992.04 -0.100001831
  1992.06 -0.0991342133
  1992.08 -0.0977904854
  1992.1 -0.0959218883
  1992.12 -0.0934796632
  1992.14 -0.0904150512
  1992.16 -0.0866792935
  1992.18 -0.0822236311
  1992.2 -0.0770015638
  1992.22 -0.0710185469
  1992.24 -0.0643319979
  1992.26 -0.0570015939
  1992.28 -0.0490870121
  1992.3 -0.0406479296
  1992.32 -0.0317417592
  1992.34 -0.0224168542
  1992.36 -0.0127193022
  1992.38 -0.00269519106
  1992.4  0.00760286438
  1992.42  0.0180961579
  1992.44  0.0286994644
  1992.46  0.0393275588
  1992.48  0.049906298
  1992.5  0.0604058501
  1992.52  0.0708074574
  1992.54  0.0810919113
  1992.56  0.0912296445
  1992.58  0.101180735
  1992.6  0.110904809
  1992.62  0.120361496
  1992.64  0.129510072
  1992.66  0.138301756
  1992.68  0.146679714
  1992.7  0.154586761
  1992.72  0.161972605
  1992.74  0.168814501
  1992.76  0.175096585
  1992.78  0.180802994
  1992.8  0.185926611
  1992.82  0.190495289
  1992.84  0.194545618
  1992.86  0.19811419
  1992.88  0.20123733
  1992.9  0.203945254
  1992.92  0.20626207
  1992.94  0.208208145
  1992.96  0.209724008
  1992.98  0.210670356
  1993.  0.210904419
  1993.02  0.210283423
  1993.04  0.208666651
  1993.06  0.205960547
  1993.08  0.202118704
  1993.1  0.197096763
  1993.12  0.190852892
  1993.14  0.183403393
  1993.16  0.174823839
  1993.18  0.165218842
  1993.2  0.154719519
  1993.22  0.143458139
  1993.24  0.131566972
  1993.26  0.119181014
  1993.28  0.106446151
  1993.3  0.0935022339
  1993.32  0.080454086
  1993.34  0.0673925627
  1993.36  0.0543872333
  1993.38  0.0414924458
  1993.4  0.0287525419
  1993.42  0.0162114286
  1993.44  0.00391301299
  1993.46 -0.00809922021
  1993.48 -0.0197914877
  1993.5 -0.0311397016
  1993.52 -0.0421201954
  1993.54 -0.0527099502
  1993.56 -0.0629008363
  1993.58 -0.0726996082
  1993.6 -0.0821136669
  1993.62 -0.0911504136
  1993.64 -0.0998178325
  1993.66 -0.108137306
  1993.68 -0.116143607
  1993.7 -0.123872091
  1993.72 -0.131347136
  1993.74 -0.138549237
  1993.76 -0.145447931
  1993.78 -0.152012752
  1993.8 -0.158207472
  1993.82 -0.163972823
  1993.84 -0.169243776
  1993.86 -0.173955305
  1993.88 -0.178058063
  1993.9 -0.181565408
  1993.92 -0.184506377
  1993.94 -0.186909422
  1993.96 -0.188789587
  1993.98 -0.190148513
  1994. -0.190987257
  1994.02 -0.191306877
  1994.04 -0.191108552
  1994.06 -0.190396268
  1994.08 -0.189176818
  1994.1 -0.187457117
  1994.12 -0.185244078
  1994.14 -0.182544671
  1994.16 -0.179367115
  1994.18 -0.175720881
  1994.2 -0.171615494
  1994.22 -0.16706048
  1994.24 -0.162065362
  1994.26 -0.156639666
  1994.28 -0.150800802
  1994.3 -0.144597726
  1994.32 -0.13808999
  1994.34 -0.131347981
  1994.36 -0.1244448
  1994.38 -0.117453544
  1994.4 -0.110441675
  1994.42 -0.103454115
  1994.44 -0.096530153
  1994.46 -0.0897083592
  1994.48 -0.0830107132
  1994.5 -0.0764426171
  1994.52 -0.0700087523
  1994.54 -0.0637138009
  1994.56 -0.0575629024
  1994.58 -0.0515717351
  1994.6 -0.0457665177
  1994.62 -0.0401739275
  1994.64 -0.034825665
  1994.66 -0.029773528
  1994.68 -0.0250743393
  1994.7 -0.020784922
  1994.72 -0.0169620989
  1994.74 -0.0136417099
  1994.76 -0.0107756664
  1994.78 -0.00829489855
  1994.8 -0.00613033659
  1994.82 -0.00421124532
  1994.84 -0.00246022631
  1994.86 -0.00079821494
  1994.88  0.000852250562
  1994.9  0.00253175554
  1994.92  0.00424400314
  1994.94  0.00599109249
  1994.96  0.00776085444
  1994.98  0.00948403898
  1995.  0.011077124
  1995.02  0.0124565873
  1995.04  0.013540205
  1995.06  0.0142755936
  1995.08  0.0146401995
  1995.1  0.014612765
  1995.12  0.0141720326
  1995.14  0.0132967448
  1995.16  0.0119656441
  1995.18  0.0101574729
  1995.2  0.00785097366
  1995.22  0.00502488888
  1995.24  0.00165796101
  1995.26 -0.00227106751
  1995.28 -0.0067834542
  1995.3 -0.0118926827
  1995.32 -0.0175811536
  1995.34 -0.0238339707
  1995.36 -0.0306781086
  1995.38 -0.0381396974
  1995.4 -0.0461996331
  1995.42 -0.0548275048
  1995.44 -0.0639929017
  1995.46 -0.0736637419
  1995.48 -0.0837695548
  1995.5 -0.0942015035
  1995.52 -0.104849085
  1995.54 -0.115601609
  1995.56 -0.126344091
  1995.58 -0.136957253
  1995.6 -0.147321628
  1995.62 -0.157317751
  1995.64 -0.166826159
  1995.66 -0.175730557
  1995.68 -0.183927347
  1995.7 -0.191316097
  1995.72 -0.197812252
  1995.74 -0.2033947
  1995.76 -0.208058184
  1995.78 -0.211797443
  1995.8 -0.214612674
  1995.82 -0.216525878
  1995.84 -0.217564508
  1995.86 -0.217756017
  1995.88 -0.217130005
  1995.9 -0.21572465
  1995.92 -0.21358028
  1995.94 -0.210737221
  1995.96 -0.207235798
  1995.98 -0.203115723
  1996. -0.198414245
  1996.02 -0.193168
  1996.04 -0.187413622
  1996.06 -0.181187748
  1996.08 -0.174527013
  1996.1 -0.167468051
  1996.12 -0.160047498
  1996.14 -0.15230199
  1996.16 -0.14426816
  1996.18 -0.135982646
  1996.2 -0.127482081
  1996.22 -0.118803101
  1996.24 -0.109982342
  1996.26 -0.10107032
  1996.28 -0.0921721015
  1996.3 -0.0833849642
  1996.32 -0.0747843651
  1996.34 -0.0664408083
  1996.36 -0.0584203902
  1996.38 -0.0507799383
  1996.4 -0.0435671886
  1996.42 -0.0368294822
  1996.44 -0.03061416
  1996.46 -0.0249677346
  1996.48 -0.0199334039
  1996.5 -0.0155535367
  1996.52 -0.0118705023
  1996.54 -0.00891599252
  1996.56 -0.00667902291
  1996.58 -0.00513794752
  1996.6 -0.00427112047
  1996.62 -0.00404810546
  1996.64 -0.00440332054
  1996.66 -0.00526240127
  1996.68 -0.00655116563
  1996.7 -0.00819962379
  1996.72 -0.0101419763
  1996.74 -0.0123126059
  1996.76 -0.014645895
  1996.78 -0.0170770409
  1996.8 -0.0195599527
  1996.82 -0.0220672398
  1996.84 -0.0245723236
  1996.86 -0.0270489025
  1996.88 -0.0294770413
  1996.9 -0.0318431688
  1996.92 -0.0341339904
  1996.94 -0.0363362113
  1996.96 -0.0384365367
  1996.98 -0.040421672
  1997. -0.0422783225
  1997.02 -0.0439931934
  1997.04 -0.0455529899
  1997.06 -0.0469210694
  1997.08 -0.0479674052
  1997.1 -0.048544848
  1997.12 -0.0485528461
  1997.14 -0.047983877
  1997.16 -0.0468705407
  1997.18 -0.0453191349
  1997.2 -0.0434543765
  1997.22 -0.0413988356
  1997.24 -0.0392257454
  1997.26 -0.0369590171
  1997.28 -0.0346208269
  1997.3 -0.0322427228
  1997.32 -0.0298656188
  1997.34 -0.027530836
  1997.36 -0.025280572
  1997.38 -0.0231771774
  1997.4 -0.0213031477
  1997.42 -0.0197418535
  1997.44 -0.0185766657
  1997.46 -0.0178776732
  1997.48 -0.01766183
  1997.5 -0.0179328048
  1997.52 -0.0186942663
  1997.54 -0.0199498832
  1997.56 -0.0216956283
  1997.58 -0.0238966937
  1997.6 -0.0265105772
  1997.62 -0.0294947763
  1997.64 -0.0328067888
  1997.66 -0.0364041124
  1997.68 -0.0402442446
  1997.7 -0.0442846832
  1997.72 -0.0484887935
  1997.74 -0.0528433947
  1997.76 -0.0573411655
  1997.78 -0.0619736051
  1997.8 -0.0667051088
  1997.82 -0.0714729862
  1997.84 -0.0762133704
  1997.86 -0.0808623946
  1997.88 -0.0853567226
  1997.9 -0.089645228
  1997.92 -0.0936889959
  1997.94 -0.0974496426
  1997.96 -0.100885544
  1997.98 -0.103942113
  1998. -0.106561522
  1998.02 -0.108685944
  1998.04 -0.110257549
  1998.06 -0.111229468
  1998.08 -0.111598656
  1998.1 -0.111373027
  1998.12 -0.11056049
  1998.14 -0.10916896
  1998.16 -0.107206346
  1998.18 -0.104680561
  1998.2 -0.101599517
  1998.22 -0.097971126
  1998.24 -0.0938032993
  1998.26 -0.0891039489
  1998.28 -0.0838812462
  1998.3 -0.0781493225
  1998.32 -0.071928266
  1998.34 -0.0652384231
  1998.36 -0.0581041839
  1998.38 -0.0505660984
  1998.4 -0.0426687535
  1998.42 -0.0344567363
  1998.44 -0.0259756258
  1998.46 -0.0172749673
  1998.48 -0.00840529724
  1998.5  0.000582848014
  1998.52  0.00963893206
  1998.54  0.0187044813
  1998.56  0.0276892971
  1998.58  0.0364952552
  1998.6  0.0450242312
  1998.62  0.0531783051
  1998.64  0.060864247
  1998.66  0.0679935171
  1998.68  0.0744777796
  1998.7  0.0802321972
  1998.72  0.0852524192
  1998.74  0.0896145909
  1998.76  0.093398358
  1998.78  0.0966833664
  1998.8  0.0995492619
  1998.82  0.102074384
  1998.84  0.104307048
  1998.86  0.106265563
  1998.88  0.107966935
  1998.9  0.109428167
  1998.92  0.110666264
  1998.94  0.111698233
  1998.96  0.112535738
  1998.98  0.11316909
  1999.  0.113583259
  1999.02  0.113763214
  1999.04  0.113693926
  1999.06  0.113360952
  1999.08  0.112752209
  1999.1  0.111856199
  1999.12  0.110661427
  1999.14  0.109163455
  1999.16  0.107386087
  1999.18  0.105360187
  1999.2  0.10311662
  1999.22  0.10068625
  1999.24  0.0980999436
  1999.26  0.0953885639
  1999.28  0.0925829762
  1999.3  0.0897140451
  1999.32  0.0868126353
  1999.34  0.0839096115
  1999.36  0.081028527
  1999.38  0.0781637117
  1999.4  0.0753021957
  1999.42  0.0724310087
  1999.44  0.0695386749
  1999.46  0.0666480752
  1999.48  0.0638164418
  1999.5  0.0611025001
  1999.52  0.0585649756
  1999.54  0.0562625935
  1999.56  0.0542540794
  1999.58  0.0525981585
  1999.6  0.051351385
  1999.62  0.0505204352
  1999.64  0.0500621413
  1999.66  0.049931171
  1999.68  0.0500821919
  1999.7  0.0504698718
  1999.72  0.0510491663
  1999.74  0.051781651
  1999.76  0.0526355187
  1999.78  0.05357925
  1999.8  0.054569676
  1999.82  0.055517048
  1999.84  0.0563199772
  1999.86  0.056877075
  1999.88  0.0570869524
  1999.9  0.0568482208
  1999.92  0.0560594913
  1999.94  0.0546193752
  1999.96  0.0524573734
  1999.98  0.0496265625
  2000.  0.046210917
  2000.02  0.0422944117
  2000.04  0.0379610211
  2000.06  0.0332947199
  2000.08  0.0283794826
  2000.1  0.0232992838
  2000.12  0.0181380983
  2000.14  0.0129782831
  2000.16  0.00786503591
  2000.18  0.00280641604
  2000.2 -0.00219113004
  2000.22 -0.00712115586
  2000.24 -0.011977215
  2000.26 -0.0167528609
  2000.28 -0.0214416472
  2000.3 -0.0260401202
  2000.32 -0.0305567926
  2000.34 -0.0350031676
  2000.36 -0.0393907484
  2000.38 -0.0437366039
  2000.4 -0.0480800632
  2000.42 -0.0524660201
  2000.44 -0.0569395272
  2000.46 -0.0615492864
  2000.48 -0.0663476485
  2000.5 -0.0713871228
  2000.52 -0.0767202185
  2000.54 -0.0823991202
  2000.56 -0.0884685469
  2000.58 -0.0949657547
  2000.6 -0.101927675
  2000.62 -0.1093867
  2000.64 -0.117357068
  2000.66 -0.125848482
  2000.68 -0.134870645
  2000.7 -0.14443326
  2000.72 -0.154530103
  2000.74 -0.165091284
  2000.76 -0.176031008
  2000.78 -0.187263482
  2000.8 -0.198702908
  2000.82 -0.210272022
  2000.84 -0.221927675
  2000.86 -0.233635254
  2002.0  0