     1981.040000000000    21.305912573264
     1981.060000000000    15.495869677126
     1981.080000000000    11.425483792024
     1981.100000000000    10.788874832610
     1981.120000000000    15.098014327941
     1981.140000000000    25.819336710684
     1981.160000000000    43.422728922094
     1981.180000000000    64.391887937679
     1981.200000000000    84.213963241558
     1981.220000000000    98.376104317847
     1981.240000000000   102.365460650632
     1981.260000000000    93.363392810642
     1981.280000000000    75.328105715016
     1981.300000000000    53.912015367476
     1981.320000000000    33.914447284474
     1981.340000000000    16.722365033138
     1981.360000000000    2.8696416932906
     1981.380000000000   -7.1371358846063
     1981.400000000000   -13.418964125319
     1981.420000000000   -16.724422728882
     1981.440000000000   -17.829377624679
     1981.460000000000   -17.509694742095
     1981.480000000000   -16.541240010516
     1981.500000000000   -15.571571657905
     1981.520000000000   -14.735017106546
     1981.540000000000   -14.037596077303
     1981.560000000000   -13.485328291041
     1981.580000000000   -13.087845427346
     1981.600000000000   -12.937854216442
     1981.620000000000   -13.211136439189
     1981.640000000000   -14.087085835173
     1981.660000000000   -15.702875222023
     1981.680000000000   -18.026793729549
     1981.700000000000   -20.984909565609
     1981.720000000000   -24.503290938062
     1981.740000000000   -28.427898187175
     1981.760000000000   -32.284260182875
     1981.780000000000   -35.517797927502
     1981.800000000000   -37.573932423397
     1981.820000000000   -37.898084672898
     1981.840000000000   -35.957799529875
     1981.860000000000   -31.729470433374
     1981.880000000000   -25.698339407616
     1981.900000000000   -18.371772328362
     1981.920000000000  -10.2571350713603
     1981.940000000000   -1.8617935123590
     1981.960000000000    6.3068864728770
     1981.980000000000    13.668300566872
     1982.000000000000    19.348890685232
     1982.020000000000    22.401860301834
     1982.040000000000    21.880412890552
     1982.060000000000    16.837751925266
     1982.080000000000    6.3270808798431
     1982.100000000000   -9.7612429073135
     1982.120000000000   -28.557365152144
     1982.140000000000   -47.830751755513
     1982.160000000000   -65.719987130657
     1982.180000000000   -80.366786284790
     1982.200000000000   -89.984867887501
     1982.220000000000   -92.937626115787
     1982.240000000000   -89.378038177556
     1982.260000000000   -81.218940657746
     1982.280000000000   -69.839201609186
     1982.300000000000   -56.006048707515
     1982.320000000000   -40.788864374353
     1982.340000000000   -26.572022254619
     1982.360000000000   -15.500836288772
     1982.380000000000   -7.4493903760719
     1982.400000000000   -1.7239609054975
     1982.420000000000    2.2985992044230
     1982.440000000000    4.9591309168843
     1982.460000000000    6.5278986655085
     1982.480000000000    7.2397507103547
     1982.500000000000    7.1978570072685
     1982.520000000000    6.6996583099702
     1982.540000000000    6.2568457576820
     1982.560000000000    6.0360554030127
     1982.580000000000    5.8488818218960
     1982.600000000000    5.4914830043236
     1982.620000000000    4.7658021142057
     1982.640000000000    3.6068413155781
     1982.660000000000    2.0826617726017
     1982.680000000000   0.28183003126983
     1982.700000000000   -1.3685225804755
     1982.720000000000   -2.2413137888978
     1982.740000000000   -2.2491964569760
     1982.760000000000   -1.4737617650040
     1982.780000000000  -0.18728878800610
     1982.800000000000    1.0300590374031
     1982.820000000000    1.5287283044970
     1982.840000000000   0.65916560655233
     1982.860000000000   -2.0348506730220
     1982.880000000000   -6.2362149902870
     1982.900000000000   -11.434490011161
     1982.920000000000   -17.119238401570
     1982.940000000000   -22.849452705073
     1982.960000000000   -28.461844975737
     1982.980000000000   -33.862557145272
     1983.000000000000   -38.957731145384
     1983.020000000000   -43.653508907782
     1983.040000000000   -47.856032364164
     1983.060000000000   -51.471443446239
     1983.080000000000   -54.383147274290
     1983.100000000000   -55.991479625416
     1983.120000000000   -56.091007965107
     1983.140000000000   -55.370741298600
     1983.160000000000   -54.525910046986
     1983.180000000000   -53.477658844785
     1983.200000000000   -51.827398982228
     1983.220000000000   -50.913896117174
     1983.240000000000   -51.463079901958
     1983.260000000000   -53.069671717252
     1983.280000000000   -53.809537497472
     1983.300000000000   -51.076734322582
     1983.320000000000   -45.363887825041
     1983.340000000000   -37.954270731386
     1983.360000000000   -30.111906200072
     1983.380000000000   -22.658077323692
     1983.400000000000   -15.971327128999
     1983.420000000000  -10.4109490746462
     1983.440000000000   -6.3362366192916
     1983.460000000000   -4.0045132641235
     1983.480000000000   -3.0663475190973
     1983.500000000000   -2.8666052125575
     1983.520000000000   -2.8458601728370
     1983.540000000000   -2.5971872740799
     1983.560000000000   -2.2100511738849
     1983.580000000000   -1.7287702181164
     1983.600000000000   -1.0422606532433
     1983.620000000000  -0.39313347307770
     1983.640000000000  -0.36760699557649
     1983.660000000000   -1.1644867057348
     1983.680000000000   -2.5794637758708
     1983.700000000000   -4.3907026690572
     1983.720000000000   -6.3961513009043
     1983.740000000000   -8.4728913971624
     1983.760000000000  -10.4491525817351
     1983.780000000000   -11.878622260977
     1983.800000000000   -12.321485809272
     1983.820000000000   -11.652151122905
     1983.840000000000  -10.1349935619537
     1983.860000000000   -8.3492224278713
     1983.880000000000   -6.8961029719875
     1983.900000000000   -6.5477603122690
     1983.920000000000   -7.8431100024070
     1983.940000000000   -11.116704935821
     1983.960000000000   -16.616517529510
     1983.980000000000   -24.046660728624
     1984.000000000000   -32.954644420070
     1984.020000000000   -42.413300114477
     1984.040000000000   -51.020780946161
     1984.060000000000   -57.354601859185
     1984.080000000000   -60.027411511776
     1984.100000000000   -58.459933987991
     1984.120000000000   -52.897873787858
     1984.140000000000   -44.010883898419
     1984.160000000000   -32.857432079568
     1984.180000000000   -20.512891081344
     1984.200000000000   -8.0242048700524
     1984.220000000000    4.2155446133614
     1984.240000000000    16.467137453284
     1984.260000000000    28.962732468574
     1984.280000000000    40.652963820391
     1984.300000000000    49.880723470131
     1984.320000000000    55.636262263196
     1984.340000000000    56.989159694661
     1984.360000000000    54.129145268342
     1984.380000000000    48.366098496809
     1984.400000000000    41.058601066923
     1984.420000000000    33.537093913013
     1984.440000000000    26.484780661205
     1984.460000000000    19.937627629442
     1984.480000000000    13.903460383121
     1984.500000000000    8.3925477567627
     1984.520000000000    3.4713537745853
     1984.540000000000  -0.68860448608164
     1984.560000000000   -3.7179352252137
     1984.580000000000   -5.3243303809637
     1984.600000000000   -5.7192482977911
     1984.620000000000   -5.2394687397904
     1984.640000000000   -4.2298908999512
     1984.660000000000   -3.0771944160402
     1984.680000000000   -2.1412512047894
     1984.700000000000   -1.6323016720536
     1984.720000000000   -1.6003619398779
     1984.740000000000   -1.6041825059403
     1984.760000000000   -1.0796974618269
     1984.780000000000   0.39212690503696
     1984.800000000000    2.6501955238724
     1984.820000000000    5.3152341031723
     1984.840000000000    7.7153802518971
     1984.860000000000    9.1746299162045
     1984.880000000000    9.2930004905757
     1984.900000000000    7.8771356948974
     1984.920000000000    5.2841631023329
     1984.940000000000    1.9767756138821
     1984.960000000000   -1.7105564113687
     1984.980000000000   -5.2971819897441
     1985.000000000000   -7.5895050972616
     1985.020000000000   -7.2553443083192
     1985.040000000000   -3.8744879418537
     1985.060000000000    2.0613059386608
     1985.080000000000   10.0206284112994
     1985.100000000000    19.472070554119
     1985.120000000000    29.266548278165
     1985.140000000000    37.182470577622
     1985.160000000000    44.386262013736
     1985.180000000000    51.166779360787
     1985.200000000000    55.977008586102
     1985.220000000000    56.813861660967
     1985.240000000000    51.602294628384
     1985.260000000000    38.444664540377
     1985.280000000000    19.937298243871
     1985.300000000000    2.3111570128973
     1985.320000000000   -11.444749358543
     1985.340000000000   -19.553190946465
     1985.360000000000   -22.367460844536
     1985.380000000000   -21.427843501034
     1985.400000000000   -18.312557312080
     1985.420000000000   -14.569112158868
     1985.440000000000   -11.038722079345
     1985.460000000000   -7.8563052682227
     1985.480000000000   -5.1260714052825
     1985.500000000000   -2.9061098307323
     1985.520000000000   -1.0700285264785
     1985.540000000000   0.50583213125921
     1985.560000000000    1.7497208307252
     1985.580000000000    2.5732196296029
     1985.600000000000    3.0166549988729
     1985.620000000000    3.1525395128427
     1985.640000000000    3.1272867614736
     1985.660000000000    3.3695112117753
     1985.680000000000    4.0734550782756
     1985.700000000000    5.1338149265386
     1985.720000000000    6.6326193775068
     1985.740000000000    8.8526322930738
     1985.760000000000    12.085345154300
     1985.780000000000    16.622249442251
     1985.800000000000    22.579292602311
     1985.820000000000    29.010292749725
     1985.840000000000    34.376736062877
     1985.860000000000    37.173810645248
     1985.880000000000    37.097918832045
     1985.900000000000    34.834094460393
     1985.920000000000    30.811725295388
     1985.940000000000    25.104790508816
     1985.960000000000    17.665423377265
     1985.980000000000    8.4965962929782
     1986.000000000000   -2.0537240502282
     1986.020000000000   -13.550933268212
     1986.040000000000   -25.560426976808
     1986.060000000000   -37.644188355409
     1986.080000000000   -49.285714544737
     1986.100000000000   -59.930207100111
     1986.120000000000   -69.180216953567
     1986.140000000000   -76.678485490424
     1986.160000000000   -82.067754096001
     1986.180000000000   -84.990764155611
     1986.200000000000   -85.090257054574
     1986.220000000000   -82.008974178210
     1986.240000000000   -75.389656911831
     1986.260000000000   -64.875046640763
     1986.280000000000   -50.370807166908
     1986.300000000000   -32.834291958494
     1986.320000000000   -13.570828115794
     1986.340000000000    4.6741254048628
     1986.360000000000    19.414100647664
     1986.380000000000    29.197562785002
     1986.400000000000    33.083530086355
     1986.420000000000    31.601849068423
     1986.440000000000    26.390679180997
     1986.460000000000    19.633192923985
     1986.480000000000    12.730191512551
     1986.500000000000    6.7162731632445
     1986.520000000000    1.9761494871033
     1986.540000000000   -1.3364766949651
     1986.560000000000   -3.3089894010147
     1986.580000000000   -3.9650629234685
     1986.600000000000   -3.3055097495233
     1986.620000000000   -1.5740934243133
     1986.640000000000   0.55870307574018
     1986.660000000000    2.2368538881013
     1986.680000000000    2.9818856801037
     1986.700000000000    2.7012307568374
     1986.720000000000    1.3892802338903
     1986.740000000000  -0.67848238966236
     1986.760000000000   -3.1527285077926
     1986.780000000000   -5.7876487761774
     1986.800000000000   -8.4491187520979
     1986.820000000000   -11.007885995745
     1986.840000000000   -13.334698067315
     1986.860000000000   -15.297668574548
     1986.880000000000   -16.704330218708
     1986.900000000000   -17.304722265358
     1986.920000000000   -16.945336083922
     1986.940000000000   -15.655971786423
     1986.960000000000   -13.497591184407
     1986.980000000000  -10.5311560894187
     1987.000000000000   -6.8176283130023
     1987.020000000000   -2.4179696666995
     1987.040000000000    2.6068580379387
     1987.060000000000    8.1958929893704
     1987.080000000000    14.128337854681
     1987.100000000000    19.544053215445
     1987.120000000000    23.423064131877
     1987.140000000000    24.745395664186
     1987.160000000000    23.024431589187
     1987.180000000000    19.906990550115
     1987.200000000000    16.956457051597
     1987.220000000000    13.269044177402
     1987.240000000000    7.3241721560800
     1987.260000000000   -1.6245878353893
     1987.280000000000   -11.227060826378
     1987.300000000000   -18.399933483099
     1987.320000000000   -21.056300420319
     1987.340000000000   -19.274270931927
     1987.360000000000   -14.404886675213
     1987.380000000000   -8.0867826723397
     1987.400000000000   -2.1930688225735
     1987.420000000000    1.7308335408865
     1987.440000000000    3.4910355886107
     1987.460000000000    3.3388177462420
     1987.480000000000    1.9546049559579
     1987.500000000000   0.12982211823358
     1987.520000000000   -1.3292505497879
     1987.540000000000   -1.7487993750636
     1987.560000000000   -1.0120252152629
     1987.580000000000   0.57895083323035
     1987.600000000000    2.4392678085823
     1987.620000000000    3.9717717113343
     1987.640000000000    4.5893032538964
     1987.660000000000    3.9455179922924
     1987.680000000000    2.1714090119629
     1987.700000000000  -0.43432942475099
     1987.720000000000   -3.6558989440670
     1987.740000000000   -7.2815808399959
     1987.760000000000   -11.099656406541
     1987.780000000000   -14.898406937711
     1987.800000000000   -18.466113727519
     1987.820000000000   -21.668260832551
     1987.840000000000   -24.495989799161
     1987.860000000000   -26.285030693971
     1987.880000000000   -26.314880253803
     1987.900000000000   -24.258659808696
     1987.920000000000   -19.880786145213
     1987.940000000000   -14.261047190676
     1987.960000000000   -8.2059567768595
     1987.980000000000   -2.3750620922777
     1988.000000000000    2.5720896745498
     1988.020000000000    5.9759513351056
     1988.040000000000    7.1769757008651
     1988.060000000000    5.6505304144682
     1988.080000000000    1.4412065357969
     1988.100000000000   -4.5915159137249
     1988.120000000000   -10.902056878399
     1988.140000000000   -15.774376420013
     1988.160000000000   -17.441204187012
     1988.180000000000   -16.191447584512
     1988.200000000000   -14.332219589270
     1988.220000000000   -13.246042508864
     1988.240000000000   -13.260105234294
     1988.260000000000   -13.712719038055
     1988.280000000000   -13.339875826459
     1988.300000000000   -12.206330788508
     1988.320000000000   -10.719299276588
     1988.340000000000   -9.2859966430858
     1988.360000000000   -8.0916400871798
     1988.380000000000   -6.6147181991879
     1988.400000000000   -4.8437479190621
     1988.420000000000   -3.1088313919808
     1988.440000000000   -1.9003919643897
     1988.460000000000   -1.6947858458285
     1988.480000000000   -2.4845038956666
     1988.500000000000   -3.7781716231079
     1988.520000000000   -5.0633769134367
     1988.540000000000   -5.8324363334211
     1988.560000000000   -5.6960155887622
     1988.580000000000   -4.5940977483794
     1988.600000000000   -2.6919522517119
     1988.620000000000  -0.16443800293729
     1988.640000000000    2.7370749190216
     1988.660000000000    5.4650931595017
     1988.680000000000    7.6238049235437
     1988.700000000000    9.0455911506495
     1988.720000000000    9.5727542035557
     1988.740000000000    9.1625522255567
     1988.760000000000    8.2320664821810
     1988.780000000000    7.3133340195140
     1988.800000000000    6.9383918836416
     1988.820000000000    7.6392771206500
     1988.840000000000    9.7140739459716
     1988.860000000000    12.525055252432
     1988.880000000000    15.200541102197
     1988.900000000000    16.946700557066
     1988.920000000000    17.281098677338
     1988.940000000000    15.956060514570
     1988.960000000000    13.351555086856
     1988.980000000000   10.0044624039222
     1989.000000000000    6.4628118257071
     1989.020000000000    3.5310677670269
     1989.040000000000    2.1292510166339
     1989.060000000000    2.5638266716341
     1989.080000000000    3.5930038330144
     1989.100000000000    2.5676142865876
     1989.120000000000   -3.1301193755130
     1989.140000000000   -13.988608700708
     1989.160000000000   -28.366899375982
     1989.180000000000   -44.032653324160
     1989.200000000000   -56.758321909058
     1989.220000000000   -62.850952879028
     1989.240000000000   -62.751190079657
     1989.260000000000   -57.933076380838
     1989.280000000000   -49.870654652467
     1989.300000000000   -40.037967764431
     1989.320000000000   -29.909058586640
     1989.340000000000   -20.710329974302
     1989.360000000000   -12.746037482304
     1989.380000000000   -6.3464476844020
     1989.400000000000   -1.8929966812333
     1989.420000000000   0.62947375066116
     1989.440000000000    1.6327161588449
     1989.460000000000    1.5466527829823
     1989.480000000000   0.82251445699273
     1989.500000000000   -7.1243495593845D-02
     1989.520000000000  -0.75917369736455
     1989.540000000000  -0.95976317764142
     1989.560000000000  -0.41236021146274
     1989.580000000000   0.75781268143736
     1989.600000000000    2.0857755553960
     1989.620000000000    3.2742385987636
     1989.640000000000    4.0720288186606
     1989.660000000000    4.2279732222076
     1989.680000000000    3.5015525982357
     1989.700000000000    1.8972847149297
     1989.720000000000  -0.33049143872603
     1989.740000000000   -2.8067455387442
     1989.760000000000   -5.0464097078385
     1989.780000000000   -6.5829933614558
     1989.800000000000   -7.0434520517411
     1989.820000000000   -6.2380008462607
     1989.840000000000   -4.6164467375666
     1989.860000000000   -2.7884946994546
     1989.880000000000   -1.3638497057249
     1989.900000000000  -0.95221673017321
     1989.920000000000   -2.1446879038112
     1989.940000000000   -5.1042599735879
     1989.960000000000   -9.5658343023801
     1989.980000000000   -15.245699410285
     1990.000000000000   -21.860143817400
     1990.020000000000   -29.125456043824
     1990.040000000000   -36.705161139268
     1990.060000000000   -44.051730271952
     1990.080000000000   -50.569981632771
     1990.100000000000   -55.797458570008
     1990.120000000000   -59.738473567232
     1990.140000000000   -62.751677396107
     1990.160000000000   -65.226266986702
     1990.180000000000   -67.904773117291
     1990.200000000000   -71.049177102803
     1990.220000000000   -71.601289353155
     1990.240000000000   -66.561197217043
     1990.260000000000   -56.502545649343
     1990.280000000000   -43.004221765527
     1990.300000000000   -27.758194591317
     1990.320000000000   -12.462074569726
     1990.340000000000    1.1698571696453
     1990.360000000000    11.406648810575
     1990.380000000000    16.981377926813
     1990.400000000000    18.486138901967
     1990.420000000000    16.977780322087
     1990.440000000000    13.510323978628
     1990.460000000000    9.0727753873472
     1990.480000000000    4.5891237882911
     1990.500000000000   0.84912445176556
     1990.520000000000   -1.8830960525062
     1990.540000000000   -3.4797008009257
     1990.560000000000   -3.9251497025441
     1990.580000000000   -3.3921833705391
     1990.600000000000   -2.3623603750171
     1990.620000000000   -1.3277402348490
     1990.640000000000  -0.48491906173620
     1990.660000000000   0.16911682050407
     1990.680000000000   0.67091280434411
     1990.700000000000    1.0257224410302
     1990.720000000000    1.1136319168981
     1990.740000000000   0.81998602941962
     1990.760000000000   0.17633138552294
     1990.780000000000  -0.74923495550039
     1990.800000000000   -1.8791350414080
     1990.820000000000   -2.9155095384451
     1990.840000000000   -3.2913591716219
     1990.860000000000   -2.4685393049673
     1990.880000000000  -0.26434420018437
     1990.900000000000    3.3769228347511
     1990.920000000000    7.6462939400059
     1990.940000000000    10.870136703892
     1990.960000000000    11.367934654669
     1990.980000000000    8.4948210942112
     1991.000000000000    3.6225534102200
     1991.020000000000   -1.6776567668305
     1991.040000000000   -6.4022694133506
     1991.060000000000   -11.183114785827
     1991.080000000000   -16.729847736807
     1991.100000000000   -22.435032719126
     1991.120000000000   -27.361961585707
     1991.140000000000   -30.573926189471
     1991.160000000000   -31.383851734978
     1991.180000000000   -30.103196833357
     1991.200000000000   -27.293053447381
     1991.220000000000   -23.514513539821
     1991.240000000000   -19.596360787731
     1991.260000000000   -17.438145725325
     1991.280000000000   -19.074161433955
     1991.300000000000   -23.480870150812
     1991.320000000000   -26.655771521266
     1991.340000000000   -26.308702548672
     1991.360000000000   -22.694483354460
     1991.380000000000   -17.113847694674
     1991.400000000000   -11.145606845027
     1991.420000000000   -6.3414761515725
     1991.440000000000   -3.3832037796251
     1991.460000000000   -2.0278750534807
     1991.480000000000   -1.7809514605083
     1991.500000000000   -2.2078185053046
     1991.520000000000   -2.9884813699741
     1991.540000000000   -3.8079287008587
     1991.560000000000   -4.3661808583022
     1991.580000000000   -4.4233850586484
     1991.600000000000   -3.8436302062393
     1991.620000000000   -2.8436195681401
     1991.640000000000   -1.6591246180874
     1991.660000000000  -0.45531155612397
     1991.680000000000   0.60593345309707
     1991.700000000000    1.3627242449252
     1991.720000000000    1.6531746547091
     1991.740000000000    1.3362193067803
     1991.760000000000   0.35407598140487
     1991.780000000000   -1.3302167521680
     1991.800000000000   -3.7413478527376
     1991.820000000000   -6.6217394241642
     1991.840000000000   -9.4315467153798
     1991.860000000000   -11.620408586697
     1991.880000000000   -12.678353815119
     1991.900000000000   -12.135801094350
     1991.920000000000   -9.5819048216368
     1991.940000000000   -4.8337378750626
     1991.960000000000    2.2323970459527
     1991.980000000000    11.688442616329
     1992.000000000000    23.554586885315
     1992.020000000000    37.848767701053
     1992.040000000000    54.588922911657
     1992.060000000000    73.260188678608
     1992.080000000000    91.216494416763
     1992.100000000000    105.50528529471
     1992.120000000000    114.07927624284
     1992.140000000000    115.21056837520
     1992.160000000000    109.31184390090
     1992.180000000000    98.311958652435
     1992.200000000000    81.796185473197
     1992.220000000000    60.127887286482
     1992.240000000000    35.072924567130
     1992.260000000000    8.5364682253095
     1992.280000000000   -15.774668369172
     1992.300000000000   -33.260126989710
     1992.320000000000   -42.911871376686
     1992.340000000000   -45.510031107579
     1992.360000000000   -42.714803994006
     1992.380000000000   -36.224651683861
     1992.400000000000   -27.738035825031
     1992.420000000000   -18.953418065404
     1992.440000000000   -11.357322474537
     1992.460000000000   -5.5885228086885
     1992.480000000000   -1.9526806603288
     1992.500000000000  -0.27075928015109
     1992.520000000000  -0.15745665292142
     1992.540000000000  -0.88710804147327
     1992.560000000000   -1.7416071884280
     1992.580000000000   -2.3805613868237
     1992.600000000000   -2.7199160045982
     1992.620000000000   -2.8393053243203
     1992.640000000000   -2.8322650547953
     1992.660000000000   -2.9483747936594
     1992.680000000000   -3.5712310232597
     1992.700000000000   -4.5845936481264
     1992.720000000000   -5.3755199070841
     1992.740000000000   -5.5371639022277
     1992.760000000000   -4.9334336875756
     1992.780000000000   -3.6475516138630
     1992.800000000000   -1.9486778588020
     1992.820000000000   0.13562251340891
     1992.840000000000    2.8124674940203
     1992.860000000000    6.1180190995552
     1992.880000000000   10.0091096936163
     1992.900000000000    13.671104138277
     1992.920000000000    15.690531807303
     1992.940000000000    15.310908062086
     1992.960000000000    12.213913613766
     1992.980000000000    7.1433625195475
     1993.000000000000    1.1086021731497
     1993.020000000000   -4.8810200317119
     1993.040000000000   -9.8161567013090
     1993.060000000000   -12.886378458785
     1993.080000000000   -14.123505832777
     1993.100000000000   -14.829567644314
     1993.120000000000   -17.305916853847
     1993.140000000000   -22.245263129326
     1993.160000000000   -28.682451483820
     1993.180000000000   -35.519559734958
     1993.200000000000   -41.597864641062
     1993.220000000000   -45.755999436130
     1993.240000000000   -46.832597354163
     1993.260000000000   -43.722963139991
     1993.280000000000   -36.625846287591
     1993.300000000000   -27.058259932027
     1993.320000000000   -16.934723234222
     1993.340000000000   -8.1575363358379
     1993.360000000000   -1.2316041335421
     1993.380000000000    3.7453131890104
     1993.400000000000    6.8918201633341
     1993.420000000000    8.3806124997258
     1993.440000000000    8.3843859084822
     1993.460000000000    7.1184306945684
     1993.480000000000    4.9684155416225
     1993.500000000000    2.3676057647588
     1993.520000000000  -0.13568647430701
     1993.540000000000   -1.8912274938298
     1993.560000000000   -2.5456640865741
     1993.580000000000   -2.0541758693533
     1993.600000000000  -0.53802497857439
     1993.620000000000    1.7144319017650
     1993.640000000000    4.0951695686809
     1993.660000000000    5.9502454924901
     1993.680000000000    6.8908216175420
     1993.700000000000    6.5458172682120
     1993.720000000000    4.6763899993396
     1993.740000000000    1.2432626051739
     1993.760000000000   -3.5372120940337
     1993.780000000000   -8.7271158894193
     1993.800000000000   -13.329634685175
     1993.820000000000   -16.830875907731
     1993.840000000000   -18.988311953691
     1993.860000000000   -20.161953578045
     1993.880000000000   -20.807946861478
     1993.900000000000   -21.164440829068
     1993.920000000000   -21.415085241987
     1993.940000000000   -21.751539719652
     1993.960000000000   -22.549690621021
     1993.980000000000   -24.345391159233
     1994.000000000000   -27.124527042268
     1994.020000000000   -30.315006614716
     1994.040000000000   -33.320478335793
     1994.060000000000   -35.357120369150
     1994.080000000000   -34.926613549148
     1994.100000000000   -31.156997033711
     1994.120000000000   -23.990138599890
     1994.140000000000   -13.514765837703
     1994.160000000000   -2.3835534162193
     1994.180000000000    4.9338655889520
     1994.200000000000    6.8443368324503
     1994.220000000000    2.5016946414496
     1994.240000000000   -7.8642155306447
     1994.260000000000   -19.719503725442
     1994.280000000000   -28.348220737869
     1994.300000000000   -32.610224880973
     1994.320000000000   -32.479681311217
     1994.340000000000   -28.812175040617
     1994.360000000000   -22.796089799029
     1994.380000000000   -16.069584332155
     1994.400000000000  -10.1407477356446
     1994.420000000000   -5.5476154891680
     1994.440000000000   -2.5770923816356
     1994.460000000000   -1.3066119188929
     1994.480000000000   -1.3561151974862
     1994.500000000000   -2.0840938597531
     1994.520000000000   -2.9864067259870
     1994.540000000000   -3.7075534819898
     1994.560000000000   -3.9063545985037
     1994.580000000000   -3.4223677343416
     1994.600000000000   -2.2758877363887
     1994.620000000000  -0.50277220190292
     1994.640000000000    1.6770045002568
     1994.660000000000    3.7073158056887
     1994.680000000000    4.8790965652630
     1994.700000000000    4.8640715059997
     1994.720000000000    3.9386291710458
     1994.740000000000    2.4858200832199
     1994.760000000000   0.96450024002705
     1994.780000000000  -0.30016450874719
     1994.800000000000   -1.1373272090042
     1994.820000000000   -1.3241857947768
     1994.840000000000  -0.62969008801752
     1994.860000000000   0.41894765985375
     1994.880000000000    1.2447316597824
     1994.900000000000    1.3511355243995
     1994.920000000000   0.42507744151214
     1994.940000000000   -1.3980558791549
     1994.960000000000   -3.7821648761161
     1994.980000000000   -6.3394732840639
     1995.000000000000   -8.5639242822364
     1995.020000000000   -9.7017022107629
     1995.040000000000   -8.9755428479314
     1995.060000000000   -5.3231206195547
     1995.080000000000    2.6029514010421
     1995.100000000000    16.088436285528
     1995.120000000000    34.716687088405
     1995.140000000000    56.371595101260
     1995.160000000000    78.930843637170
     1995.180000000000   100.422001067296
     1995.200000000000    119.20388485644
     1995.220000000000    133.71569180200
     1995.240000000000    142.35761352524
     1995.260000000000    143.49083647130
     1995.280000000000    135.47485120812
     1995.300000000000    118.12268491929
     1995.320000000000    97.061511251226
     1995.340000000000    77.899675567202
     1995.360000000000    60.356063635275
     1995.380000000000    43.264423414360
     1995.400000000000    27.807411221791
     1995.420000000000    15.394336589229
     1995.440000000000    5.9922135471460
     1995.460000000000  -0.79315513789045
     1995.480000000000   -5.3703881480936
     1995.500000000000   -8.1516805499456
     1995.520000000000   -9.4156187781314
     1995.540000000000   -9.3115151516857
     1995.560000000000   -7.9787916952468
     1995.580000000000   -5.5972365107119
     1995.600000000000   -2.3930508245572
     1995.620000000000    1.3969356070263
     1995.640000000000    5.3381248346601
     1995.660000000000    8.8075063823256
     1995.680000000000    11.221075969282
     1995.700000000000    12.238374343999
     1995.720000000000    11.849474324450
     1995.740000000000   10.4400017021899
     1995.760000000000    8.5705130933316
     1995.780000000000    7.1159175848095
     1995.800000000000    6.7109626916246
     1995.820000000000    6.7153971702157
     1995.840000000000    6.2113082321012
     1995.860000000000    5.2258104173775
     1995.880000000000    4.7046619611155
     1995.900000000000    5.3705910758207
     1995.920000000000    7.2856078089326
     1995.940000000000   10.3531385750281
     1995.960000000000    14.476609788677
     1995.980000000000    19.559447864456
     1996.000000000000    25.505079216939
     1996.020000000000    32.216930260705
     1996.040000000000    39.598427410319
     1996.060000000000    47.552997080361
     1996.080000000000    55.984065685410
     1996.100000000000    64.665007770711
     1996.120000000000    72.156659540654
     1996.140000000000    75.532878494917
     1996.160000000000    76.824777745593
     1996.180000000000    79.056338610871
     1996.200000000000    83.573428757329
     1996.220000000000    90.646128687645
     1996.240000000000    97.919483900534
     1996.260000000000   101.828818043537
     1996.280000000000    96.595602363567
     1996.300000000000    78.920587004645
     1996.320000000000    57.417133987803
     1996.340000000000    38.709156751090
     1996.360000000000    24.345095785761
     1996.380000000000    14.429541039937
     1996.400000000000    7.8415880307259
     1996.420000000000    3.4230277627590
     1996.440000000000   0.38314188442958
     1996.460000000000   -1.6937686559870
     1996.480000000000   -3.0342659655136
     1996.500000000000   -3.6917530605389
     1996.520000000000   -3.7204558252939
     1996.540000000000   -3.2291248500946
     1996.560000000000   -2.4193366902428
     1996.580000000000   -1.5073007209313
     1996.600000000000  -0.56005313896140
     1996.620000000000   0.43747218686998
     1996.640000000000    1.2385437765648
     1996.660000000000    1.5293592997338
     1996.680000000000   0.99611642598713
     1996.700000000000  -0.56022407153526
     1996.720000000000   -2.8796490055792
     1996.740000000000   -5.5873820853637
     1996.760000000000   -8.3051309940912
     1996.780000000000  -10.5737348167256
     1996.800000000000   -11.900356189408
     1996.820000000000   -11.977410319961
     1996.840000000000  -10.4917431713677
     1996.860000000000   -6.9335998943796
     1996.880000000000   -1.0943731293059
     1996.900000000000    6.4036911634516
     1996.920000000000    14.401015262091
     1996.940000000000    21.404286188901
     1996.960000000000    26.355228442720
     1996.980000000000    28.628770233700
     1997.000000000000    27.861094907324
     1997.020000000000    23.749532078456
     1997.040000000000    16.143381690085
     1997.060000000000    5.5844876238174
     1997.080000000000   -6.8607394851842
     1997.100000000000   -19.731539670007
     1997.120000000000   -30.390320988264
     1997.140000000000   -36.490091922541
     1997.160000000000   -36.406005522491
     1997.180000000000   -29.062559430705
     1997.200000000000   -15.071864493523
     1997.220000000000   -1.2728456439621
     1997.240000000000    5.9336404414176
     1997.260000000000    8.1258241985436
     1997.280000000000    8.7989992532928
     1997.300000000000    9.6611617031524
     1997.320000000000    10.633010117228
     1997.340000000000    11.557534476435
     1997.360000000000    12.278732020113
     1997.380000000000    12.663766931336
     1997.400000000000    12.602970336913
     1997.420000000000    11.987680622076
     1997.440000000000    10.709236172057
     1997.460000000000    8.6702852840381
     1997.480000000000    6.0336042300804
     1997.500000000000    3.2220972571180
     1997.520000000000   0.66997852403536
     1997.540000000000   -1.1885378102776
     1997.560000000000   -2.0217422979702
     1997.580000000000   -1.9079443353227
     1997.600000000000   -1.0279580296493
     1997.620000000000   0.43740251173590
     1997.640000000000    2.2381303346737
     1997.660000000000    3.8474470976151
     1997.680000000000    4.7919193958636
     1997.700000000000    5.0882649594997
     1997.720000000000    4.9087622002180
     1997.740000000000    4.5477779561520
     1997.760000000000    4.1026291628176
     1997.780000000000    3.4512719471351
     1997.800000000000    2.7080350854813
     1997.820000000000    2.2336231689319
     1997.840000000000    2.3831112910713
     1997.860000000000    3.1357202885244
     2002.0               0.0
