  1981.04  35.729685
  1981.06  19.8662554
  1981.08  4.58869642
  1981.1 -9.47151043
  1981.12 -21.5004397
  1981.14 -30.6385552
  1981.16 -36.2701714
  1981.18 -38.7550063
  1981.2 -38.6966289
  1981.22 -36.6986082
  1981.24 -33.3645131
  1981.26 -29.2979124
  1981.28 -25.1023752
  1981.3 -21.3814704
  1981.32 -18.5880446
  1981.34 -16.5720555
  1981.36 -15.0327384
  1981.38 -13.6770998
  1981.4 -12.3908827
  1981.42 -11.2385666
  1981.44 -10.292402
  1981.46 -9.62463968
  1981.48 -9.30753013
  1981.5 -9.3814561
  1981.52 -9.75932882
  1981.54 -10.3221916
  1981.56 -10.9510878
  1981.58 -11.5340263
  1981.6 -12.1192247
  1981.62 -12.9151095
  1981.64 -14.1370724
  1981.66 -15.9576182
  1981.68 -18.3777019
  1981.7 -21.3553916
  1981.72 -24.848755
  1981.74 -28.7311465
  1981.76 -32.537066
  1981.78 -35.7162997
  1981.8 -37.7186339
  1981.82 -37.9938551
  1981.84 -36.013749
  1981.86 -31.7560951
  1981.88 -25.7046658
  1981.9 -18.3652333
  1981.92 -10.2435697
  1981.94 -1.84544727
  1981.96  6.32336186
  1981.98  13.6836274
  1982.  19.3622867
  1982.02  22.412819
  1982.04  21.8887037
  1982.06  16.8434199
  1982.08  6.33044692
  1982.1 -9.75962694
  1982.12 -28.5569175
  1982.14 -47.830992
  1982.16 -65.7205574
  1982.18 -80.3674504
  1982.2 -89.985487
  1982.22 -92.9381328
  1982.24 -89.3784141
  1982.26 -81.219194
  1982.28 -69.8393543
  1982.3 -56.0061245
  1982.32 -40.7888873
  1982.34 -26.5720123
  1982.36 -15.5008089
  1982.38 -7.44935683
  1982.4 -1.72392842
  1982.42  2.298627
  1982.44  4.95915227
  1982.46  6.52791324
  1982.48  7.23975941
  1982.5  7.19786121
  1982.52  6.69965938
  1982.54  6.25684486
  1982.56  6.03605346
  1982.58  5.84887952
  1982.6  5.49148081
  1982.62  4.76580026
  1982.64  3.60683989
  1982.66  2.08266078
  1982.68  0.281829427
  1982.7 -1.36852289
  1982.72 -2.24131389
  1982.74 -2.24919643
  1982.76 -1.47376166
  1982.78 -0.187288653
  1982.8  1.03005918
  1982.82  1.52872843
  1982.84  0.659165712
  1982.86 -2.03485059
  1982.88 -6.23621493
  1982.9 -11.43449
  1982.92 -17.1192384
  1982.94 -22.8494527
  1982.96 -28.461845
  1982.98 -33.8625572
  1983. -38.9577312
  1983.02 -43.6535089
  1983.04 -47.8560324
  1983.06 -51.4714435
  1983.08 -54.3831473
  1983.1 -55.9914796
  1983.12 -56.091008
  1983.14 -55.3707413
  1983.16 -54.52591
  1983.18 -53.4776588
  1983.2 -51.827399
  1983.22 -50.9138961
  1983.24 -51.4630799
  1983.26 -53.0696717
  1983.28 -53.8095375
  1983.3 -51.0767343
  1983.32 -45.3638878
  1983.34 -37.9542707
  1983.36 -30.1119062
  1983.38 -22.6580773
  1983.4 -15.9713271
  1983.42 -10.4109491
  1983.44 -6.33623662
  1983.46 -4.00451326
  1983.48 -3.06634752
  1983.5 -2.86660521
  1983.52 -2.84586017
  1983.54 -2.59718727
  1983.56 -2.21005117
  1983.58 -1.72877022
  1983.6 -1.04226065
  1983.62 -0.393133473
  1983.64 -0.367606996
  1983.66 -1.16448671
  1983.68 -2.57946378
  1983.7 -4.39070267
  1983.72 -6.3961513
  1983.74 -8.4728914
  1983.76 -10.4491526
  1983.78 -11.8786223
  1983.8 -12.3214858
  1983.82 -11.6521511
  1983.84 -10.1349936
  1983.86 -8.34922243
  1983.88 -6.89610297
  1983.9 -6.54776031
  1983.92 -7.84311
  1983.94 -11.1167049
  1983.96 -16.6165175
  1983.98 -24.0466607
  1984. -32.9546444
  1984.02 -42.4133001
  1984.04 -51.0207809
  1984.06 -57.3546019
  1984.08 -60.0274115
  1984.1 -58.459934
  1984.12 -52.8978738
  1984.14 -44.0108839
  1984.16 -32.8574321
  1984.18 -20.5128911
  1984.2 -8.02420487
  1984.22  4.21554461
  1984.24  16.4671375
  1984.26  28.9627325
  1984.28  40.6529638
  1984.3  49.8807235
  1984.32  55.6362623
  1984.34  56.9891597
  1984.36  54.1291453
  1984.38  48.3660985
  1984.4  41.0586011
  1984.42  33.5370939
  1984.44  26.4847807
  1984.46  19.9376276
  1984.48  13.9034604
  1984.5  8.39254776
  1984.52  3.47135377
  1984.54 -0.688604486
  1984.56 -3.71793523
  1984.58 -5.32433038
  1984.6 -5.7192483
  1984.62 -5.23946874
  1984.64 -4.2298909
  1984.66 -3.07719442
  1984.68 -2.1412512
  1984.7 -1.63230167
  1984.72 -1.60036194
  1984.74 -1.60418251
  1984.76 -1.07969746
  1984.78  0.392126905
  1984.8  2.65019552
  1984.82  5.3152341
  1984.84  7.71538025
  1984.86  9.17462992
  1984.88  9.29300049
  1984.9  7.87713569
  1984.92  5.2841631
  1984.94  1.97677561
  1984.96 -1.71055641
  1984.98 -5.29718199
  1985. -7.5895051
  1985.02 -7.25534431
  1985.04 -3.87448794
  1985.06  2.06130594
  1985.08  10.0206284
  1985.1  19.4720706
  1985.12  29.2665483
  1985.14  37.1824706
  1985.16  44.386262
  1985.18  51.1667794
  1985.2  55.9770086
  1985.22  56.8138617
  1985.24  51.6022946
  1985.26  38.4446645
  1985.28  19.9372982
  1985.3  2.31115701
  1985.32 -11.4447494
  1985.34 -19.5531909
  1985.36 -22.3674608
  1985.38 -21.4278435
  1985.4 -18.3125573
  1985.42 -14.5691122
  1985.44 -11.0387221
  1985.46 -7.85630527
  1985.48 -5.12607141
  1985.5 -2.90610983
  1985.52 -1.07002853
  1985.54  0.505832131
  1985.56  1.74972083
  1985.58  2.57321963
  1985.6  3.016655
  1985.62  3.15253951
  1985.64  3.12728676
  1985.66  3.36951121
  1985.68  4.07345508
  1985.7  5.13381493
  1985.72  6.63261938
  1985.74  8.85263229
  1985.76  12.0853452
  1985.78  16.6222494
  1985.8  22.5792926
  1985.82  29.0102927
  1985.84  34.3767361
  1985.86  37.1738106
  1985.88  37.0979188
  1985.9  34.8340945
  1985.92  30.8117253
  1985.94  25.1047905
  1985.96  17.6654234
  1985.98  8.49659629
  1986. -2.05372405
  1986.02 -13.5509333
  1986.04 -25.560427
  1986.06 -37.6441884
  1986.08 -49.2857145
  1986.1 -59.9302071
  1986.12 -69.180217
  1986.14 -76.6784855
  1986.16 -82.0677541
  1986.18 -84.9907642
  1986.2 -85.0902571
  1986.22 -82.0089742
  1986.24 -75.3896569
  1986.26 -64.8750466
  1986.28 -50.3708072
  1986.3 -32.834292
  1986.32 -13.5708281
  1986.34  4.6741254
  1986.36  19.4141006
  1986.38  29.1975628
  1986.4  33.0835301
  1986.42  31.6018491
  1986.44  26.3906792
  1986.46  19.6331929
  1986.48  12.7301915
  1986.5  6.71627316
  1986.52  1.97614949
  1986.54 -1.33647669
  1986.56 -3.3089894
  1986.58 -3.96506292
  1986.6 -3.30550975
  1986.62 -1.57409342
  1986.64  0.558703076
  1986.66  2.23685389
  1986.68  2.98188568
  1986.7  2.70123076
  1986.72  1.38928023
  1986.74 -0.67848239
  1986.76 -3.15272851
  1986.78 -5.78764878
  1986.8 -8.44911875
  1986.82 -11.007886
  1986.84 -13.3346981
  1986.86 -15.2976686
  1986.88 -16.7043302
  1986.9 -17.3047223
  1986.92 -16.9453361
  1986.94 -15.6559718
  1986.96 -13.4975912
  1986.98 -10.5311561
  1987. -6.81762831
  1987.02 -2.41796967
  1987.04  2.60685804
  1987.06  8.19589299
  1987.08  14.1283379
  1987.1  19.5440532
  1987.12  23.4230641
  1987.14  24.7453957
  1987.16  23.0244316
  1987.18  19.9069906
  1987.2  16.9564571
  1987.22  13.2690442
  1987.24  7.32417216
  1987.26 -1.62458784
  1987.28 -11.2270608
  1987.3 -18.3999335
  1987.32 -21.0563004
  1987.34 -19.2742709
  1987.36 -14.4048867
  1987.38 -8.08678267
  1987.4 -2.19306882
  1987.42  1.73083354
  1987.44  3.49103559
  1987.46  3.33881775
  1987.48  1.95460496
  1987.5  0.129822118
  1987.52 -1.32925055
  1987.54 -1.74879938
  1987.56 -1.01202522
  1987.58  0.578950831
  1987.6  2.43926781
  1987.62  3.97177171
  1987.64  4.58930325
  1987.66  3.94551799
  1987.68  2.17140902
  1987.7 -0.434329412
  1987.72 -3.65589892
  1987.74 -7.28158081
  1987.76 -11.0996564
  1987.78 -14.8984069
  1987.8 -18.4661137
  1987.82 -21.6682608
  1987.84 -24.4959897
  1987.86 -26.2850306
  1987.88 -26.3148802
  1987.9 -24.2586599
  1987.92 -19.8807863
  1987.94 -14.2610476
  1987.96 -8.20595742
  1987.98 -2.37506306
  1988.  2.57208833
  1988.02  5.97594958
  1988.04  7.17697349
  1988.06  5.65052776
  1988.08  1.44120359
  1988.1 -4.59151869
  1988.12 -10.9020586
  1988.14 -15.7743757
  1988.16 -17.4411991
  1988.18 -16.1914357
  1988.2 -14.332198
  1988.22 -13.2460087
  1988.24 -13.2600575
  1988.26 -13.7126583
  1988.28 -13.339808
  1988.3 -12.2062699
  1988.32 -10.7192683
  1988.34 -9.28602775
  1988.36 -8.09177396
  1988.38 -6.61500071
  1988.4 -4.84422193
  1988.42 -3.10952065
  1988.44 -1.9012868
  1988.46 -1.69584092
  1988.48 -2.48560047
  1988.5 -3.77907992
  1988.52 -5.06375444
  1988.54 -5.83182798
  1988.56 -5.69385778
  1988.58 -4.58977051
  1988.6 -2.68482936
  1988.62 -0.153889173
  1988.64  2.75154339
  1988.66  5.48324851
  1988.68  7.64391856
  1988.7  9.06380988
  1988.72  9.5830729
  1988.74  9.15667627
  1988.76  8.19886148
  1988.78  7.23868824
  1988.8  6.80521624
  1988.82  7.42750519
  1988.84  9.40348532
  1988.86  12.1065689
  1988.88  14.6790386
  1988.9  16.3479791
  1988.92  16.6638184
  1988.94  15.3634608
  1988.96  12.828503
  1988.98  9.60071202
  1989.  6.21367656
  1989.02  3.46509338
  1989.04  2.28173686
  1989.06  2.98042987
  1989.08  4.31829462
  1989.1  3.59628157
  1989.12 -1.89377626
  1989.14 -12.7695289
  1989.16 -27.4043342
  1989.18 -43.4359363
  1989.2 -56.5512929
  1989.22 -62.9875509
  1989.24 -63.128185
  1989.26 -58.431759
  1989.28 -50.3957842
  1989.3 -40.5198897
  1989.32 -30.3134414
  1989.34 -21.0425122
  1989.36 -13.0254572
  1989.38 -6.58399579
  1989.4 -2.09677909
  1989.42  0.451981593
  1989.44  1.48261584
  1989.46  1.43421039
  1989.48  0.771791439
  1989.5 -0.0281891159
  1989.52 -0.592688624
  1989.54 -0.642778319
  1989.56  0.0792399938
  1989.58  1.43642182
  1989.6  2.93425227
  1989.62  4.20933607
  1989.64  4.95946941
  1989.66  4.97897491
  1989.68  4.09585175
  1989.7  2.35740738
  1989.72  0.0343636858
  1989.74 -2.49426146
  1989.76 -4.73772957
  1989.78 -6.22435242
  1989.8 -6.5923492
  1989.82 -5.66782055
  1989.84 -3.91848681
  1989.86 -1.97246776
  1989.88 -0.457883218
  1989.9  0.00681488502
  1989.92 -1.14119069
  1989.94 -4.06454305
  1989.96 -8.53537115
  1989.98 -14.3069231
  1990. -21.0886877
  1990.02 -28.5463877
  1990.04 -36.2987994
  1990.06 -43.7831194
  1990.08 -50.3913485
  1990.1 -55.6553753
  1990.12 -59.5880693
  1990.14 -62.5628988
  1990.16 -64.9844922
  1990.18 -67.6190344
  1990.2 -70.7623474
  1990.22 -71.3632069
  1990.24 -66.3931645
  1990.26 -56.4083959
  1990.28 -42.9785043
  1990.3 -27.7913132
  1990.32 -12.5433312
  1990.34  1.05157969
  1990.36  11.2646522
  1990.38  16.8251447
  1990.4  18.3209121
  1990.42  16.8061092
  1990.44  13.3323553
  1990.46  8.89295281
  1990.48  4.42222067
  1990.5  0.707437562
  1990.52 -1.99617137
  1990.54 -3.56794566
  1990.56 -3.99665783
  1990.58 -3.45842761
  1990.6 -2.43517436
  1990.62 -1.41739426
  1990.64 -0.596535056
  1990.66  0.0353394897
  1990.68  0.519398134
  1990.7  0.867048092
  1990.72  0.961339799
  1990.74  0.683359738
  1990.76  0.06802723
  1990.78 -0.811157591
  1990.8 -1.87177499
  1990.82 -2.82422025
  1990.84 -3.12463646
  1990.86 -2.26143309
  1990.88 -0.0588381647
  1990.9  3.55795073
  1990.92  7.79284133
  1990.94  10.9821296
  1990.96  11.4728275
  1990.98  8.6467707
  1991.  3.89253978
  1991.02 -1.21111442
  1991.04 -5.66704628
  1991.06 -10.129927
  1991.08 -15.3174346
  1991.1 -20.6755021
  1991.12 -25.3266374
  1991.14 -28.3833647
  1991.16 -29.1633868
  1991.18 -27.9241059
  1991.2 -25.1598617
  1991.22 -21.3649939
  1991.24 -17.3301916
  1991.26 -15.0315399
  1991.28 -16.6126119
  1991.3 -21.2399862
  1991.32 -24.8954335
  1991.34 -25.053638
  1991.36 -21.8575646
  1991.38 -16.5921753
  1991.4 -10.8451266
  1991.42 -6.17470841
  1991.44 -3.27779919
  1991.46 -1.93657555
  1991.48 -1.68281653
  1991.5 -2.09350967
  1991.52 -2.85890488
  1991.54 -3.67439047
  1991.56 -4.24735274
  1991.58 -4.33311767
  1991.6 -3.78912134
  1991.62 -2.83005334
  1991.64 -1.68735754
  1991.66 -0.518897345
  1991.68  0.520737707
  1991.7  1.27695809
  1991.72  1.59112609
  1991.74  1.31006679
  1991.76  0.363152919
  1991.78 -1.29812096
  1991.8 -3.6991625
  1991.82 -6.57369152
  1991.84 -9.37415119
  1991.86 -11.5426415
  1991.88 -12.5671887
  1991.9 -11.9907934
  1991.92 -9.42025083
  1991.94 -4.69800756
  1991.96  2.27915677
  1991.98  11.5868993
  1992.  23.2523228
  1992.02  37.3001145
  1992.04  53.748623
  1992.06  72.0692554
  1992.08  89.6406915
  1992.1  103.544708
  1992.12  111.761996
  1992.14  112.578873
  1992.16  106.449355
  1992.18  95.3949648
  1992.2  79.1829283
  1992.22  58.3415196
  1992.24  34.5639382
  1992.26  9.48685311
  1992.28 -13.4680933
  1992.3 -29.9416909
  1992.32 -38.938365
  1992.34 -41.2304014
  1992.36 -38.5505145
  1992.38 -32.5417263
  1992.4 -24.7950459
  1992.42 -16.8274805
  1992.44 -9.95395023
  1992.46 -4.75499679
  1992.48 -1.51666027
  1992.5 -0.0813148051
  1992.52 -0.0978627459
  1992.54 -0.884230167
  1992.56 -1.75199688
  1992.58 -2.37413524
  1992.6 -2.67908855
  1992.62 -2.7587992
  1992.64 -2.71875061
  1992.66 -2.81237823
  1992.68 -3.41928762
  1992.7 -4.42443856
  1992.72 -5.21710369
  1992.74 -5.3798581
  1992.76 -4.76946715
  1992.78 -3.47285175
  1992.8 -1.76875455
  1992.82  0.317684954
  1992.84  2.99201815
  1992.86  6.27883507
  1992.88  10.1214769
  1992.9  13.7035014
  1992.92  15.6208896
  1992.94  15.125358
  1992.96  11.9081026
  1992.98  6.73161946
  1993.  0.626380316
  1993.02 -5.37714321
  1993.04 -10.2486173
  1993.06 -13.1540293
  1993.08 -14.082817
  1993.1 -14.3187572
  1993.12 -16.1772038
  1993.14 -20.4265641
  1993.16 -26.2383226
  1993.18 -32.6612936
  1993.2 -38.6844128
  1993.22 -43.1409347
  1993.24 -44.7106947
  1993.26 -42.1319813
  1993.28 -35.539027
  1993.3 -26.4449156
  1993.32 -16.726791
  1993.34 -8.26251793
  1993.36 -1.52255918
  1993.38  3.39163698
  1993.4  6.5663278
  1993.42  8.14382074
  1993.44  8.26642324
  1993.46  7.12097999
  1993.48  5.07950726
  1993.5  2.57142352
  1993.52  0.135440896
  1993.54 -1.59311342
  1993.56 -2.25712619
  1993.58 -1.78955079
  1993.6 -0.299228258
  1993.62  1.92690933
  1993.64  4.2736042
  1993.66  6.08153769
  1993.68  6.96662258
  1993.7  6.56290787
  1993.72  4.63489894
  1993.74  1.14528233
  1993.76 -3.68594246
  1993.78 -8.91196489
  1993.8 -13.5282066
  1993.82 -17.0273537
  1993.84 -19.1786593
  1993.86 -20.3436819
  1993.88 -20.9774051
  1993.9 -21.317112
  1993.92 -21.5454964
  1993.94 -21.8527262
  1993.96 -22.6067838
  1993.98 -24.346255
  1994. -27.0637737
  1994.02 -30.1928457
  1994.04 -33.1416406
  1994.06 -35.1093482
  1994.08 -34.5603471
  1994.1 -30.5914134
  1994.12 -23.1242926
  1994.14 -12.2323718
  1994.16 -0.651532735
  1994.18  6.96508248
  1994.2  8.82939823
  1994.22  3.98940497
  1994.24 -7.08758524
  1994.26 -19.6188085
  1994.28 -28.6984964
  1994.3 -33.1867666
  1994.32 -33.1296765
  1994.34 -29.4328197
  1994.36 -23.3268558
  1994.38 -16.4851439
  1994.4 -10.4491203
  1994.42 -5.7679097
  1994.44 -2.7325627
  1994.46 -1.41952074
  1994.48 -1.4444439
  1994.5 -2.16443562
  1994.52 -3.07094969
  1994.54 -3.80092311
  1994.56 -4.00563151
  1994.58 -3.52064965
  1994.6 -2.36585441
  1994.62 -0.576702852
  1994.64  1.62937193
  1994.66  3.69604841
  1994.68  4.91111712
  1994.7  4.9422671
  1994.72  4.05977112
  1994.74  2.63973269
  1994.76  1.14043178
  1994.78 -0.110992982
  1994.8 -0.947656364
  1994.82 -1.15079184
  1994.84 -0.480895824
  1994.86  0.542548583
  1994.88  1.33360763
  1994.9  1.39612101
  1994.92  0.44037724
  1994.94 -1.37723558
  1994.96 -3.70499499
  1994.98 -6.15113723
  1995. -8.21435377
  1995.02 -9.15047541
  1995.04 -8.19356136
  1995.06 -4.32215612
  1995.08  3.75234488
  1995.1  17.2591937
  1995.12  35.7220305
  1995.14  56.9906859
  1995.16  78.9976929
  1995.18  99.8195341
  1995.2  117.8459
  1995.22  131.54563
  1995.24  139.416011
  1995.26  139.98277
  1995.28  131.768643
  1995.3  114.64439
  1995.32  94.1626042
  1995.34  75.8171932
  1995.36  59.0958556
  1995.38  42.6230519
  1995.4  27.568783
  1995.42  15.3821196
  1995.44  6.08256201
  1995.46 -0.669135319
  1995.48 -5.24329296
  1995.5 -8.03535521
  1995.52 -9.31748748
  1995.54 -9.23748215
  1995.56 -7.93484744
  1995.58 -5.59330361
  1995.6 -2.44534298
  1995.62  1.26596131
  1995.64  5.10417951
  1995.66  8.46204301
  1995.68  10.7586755
  1995.7  11.6639527
  1995.72  11.192925
  1995.74  9.7354938
  1995.76  7.84405127
  1995.78  6.42195615
  1995.8  6.1429272
  1995.82  6.39914378
  1995.84  6.2935955
  1995.86  5.8789518
  1995.88  6.12992158
  1995.9  7.77190951
  1995.92  10.7917544
  1995.94  14.9987099
  1995.96  20.2020295
  1995.98  26.2135207
  1996.  32.8552052
  1996.02  39.9516576
  1996.04  47.3274527
  1996.06  54.8071652
  1996.08  62.21537
  1996.1  69.1776291
  1996.12  73.7709817
  1996.14  72.2565218
  1996.16  65.7559392
  1996.18  56.5678532
  1996.2  45.9389186
  1996.22  34.6249223
  1996.24  22.4723554
  1996.26  9.52291776
  1996.28 -2.49549844
  1996.3 -11.5379168
  1996.32 -15.7961391
  1996.34 -15.3841824
  1996.36 -12.2972249
  1996.38 -8.13125768
  1996.4 -4.00039962
  1996.42 -0.968991108
  1996.44  0.561956128
  1996.46  0.861396868
  1996.48  0.346120005
  1996.5 -0.45341098
  1996.52 -1.05359986
  1996.54 -1.23861663
  1996.56 -1.08472048
  1996.58 -0.730041801
  1996.6 -0.203725197
  1996.62  0.505344937
  1996.64  1.13109475
  1996.66  1.33657898
  1996.68  0.784655564
  1996.7 -0.7487596
  1996.72 -3.02194468
  1996.74 -5.67579211
  1996.76 -8.34757252
  1996.78 -10.5906755
  1996.8 -11.9088576
  1996.82 -11.9768274
  1996.84 -10.4629288
  1996.86 -6.83949338
  1996.88 -0.893171637
  1996.9  6.74012909
  1996.92  14.8804517
  1996.94  21.9918173
  1996.96  26.9351454
  1996.98  29.0674815
  1997.  28.057902
  1997.02  23.619654
  1997.04  15.6188146
  1997.06  4.62433304
  1997.08 -8.25556166
  1997.1 -21.5080998
  1997.12 -32.4461906
  1997.14 -38.7241842
  1997.16 -38.6757207
  1997.18 -31.1709589
  1997.2 -16.781227
  1997.22 -2.38716397
  1997.24  5.48898216
  1997.26  8.28436302
  1997.28  9.36857098
  1997.3  10.4149055
  1997.32  11.400326
  1997.34  12.2280344
  1997.36  12.8012568
  1997.38  13.023779
  1997.4  12.7999457
  1997.42  12.0341263
  1997.44  10.6306901
  1997.46  8.50142563
  1997.48  5.80673073
  1997.5  2.96792702
  1997.52  0.417859184
  1997.54 -1.41062809
  1997.56 -2.18921822
  1997.58 -2.00736413
  1997.6 -1.05904817
  1997.62  0.461849296
  1997.64  2.29614403
  1997.66  3.91640971
  1997.68  4.8492922
  1997.7  5.10791091
  1997.72  4.86497076
  1997.74  4.43517497
  1997.76  3.9441499
  1997.78  3.28676415
  1997.8  2.50860006
  1997.82  1.85470934
  1997.84  1.5639722
  1997.86  1.52085853
  1997.88  1.2595782
  1997.9  0.547147502
  1997.92 -0.577078789
  1997.94 -2.06155505
  1997.96 -3.84032269
  1997.98 -5.7897505
  1998. -7.77178393
  1998.02 -9.64836842
  1998.04 -11.2814494
  1998.06 -12.5582096
  1998.08 -13.4667942
  1998.1 -14.0205924
  1998.12 -14.2329934
  1998.14 -14.129261
  1998.16 -13.7821758
  1998.18 -13.291986
  1998.2 -12.8160069
  1998.22 -12.4051717
  1998.24 -11.99074
  1998.26 -11.5526964
  1998.28 -11.1244214
  1998.3 -10.7256096
  1998.32 -10.3416576
  1998.34 -9.93820188
  1998.36 -9.47870301
  1998.38 -8.94547227
  1998.4 -8.34752572
  1998.42 -7.69515389
  1998.44 -6.998998
  1998.46 -6.27110161
  1998.48 -5.5238588
  1998.5 -4.76966361
  1998.52 -4.02091013
  1998.54 -3.29162
  1998.56 -2.60232197
  1998.58 -1.97517072
  1998.6 -1.43232092
  1998.62 -0.995801184
  1998.64 -0.684740278
  1998.66 -0.515366874
  1998.68 -0.503783537
  1998.7 -0.66578902
  1998.72 -1.01019042
  1998.74 -1.53880097
  1998.76 -2.25312967
  1998.78 -3.15468551
  1998.8 -4.24497748
  1998.82 -5.52486309
  1998.84 -6.98022427
  1998.86 -8.58197202
  1998.88 -10.3003668
  1998.9 -12.1031117
  1998.92 -13.9476839
  1998.94 -15.7890054
  1998.96 -17.5810204
  1998.98 -19.2737603
  1999. -20.8162783
  1999.02 -22.1576274
  1999.04 -23.2468606
  1999.06 -24.0350176
  1999.08 -24.4810848
  1999.1 -24.5460362
  1999.12 -24.1908452
  1999.14 -23.3875315
  1999.16 -22.1523157
  1999.18 -20.5124735
  1999.2 -18.4952803
  1999.22 -16.1280116
  1999.24 -13.4862019
  1999.26 -10.8384565
  1999.28 -8.4933672
  1999.3 -6.56901151
  1999.32 -4.99303744
  1999.34 -3.68482002
  1999.36 -2.57476926
  1999.38 -1.63741072
  1999.4 -0.858292718
  1999.42 -0.222963577
  1999.44  0.283023101
  1999.46  0.672974601
  1999.48  0.95889842
  1999.5  1.15274321
  1999.52  1.26645764
  1999.54  1.31199034
  1999.56  1.30128998
  1999.58  1.24630522
  1999.6  1.15899097
  1999.62  1.05144628
  1999.64  0.935914211
  1999.66  0.824644096
  1999.68  0.729885265
  1999.7  0.663887049
  1999.72  0.638555685
  1999.74  0.657907976
  1999.76  0.718072216
  1999.78  0.814833792
  1999.8  0.943003051
  1999.82  1.09349087
  1999.84  1.25623346
  1999.86  1.42116699
  1999.88  1.57844668
  1999.9  1.71910395
  1999.92  1.83438926
  1999.94  1.91555308
  1999.96  1.95601523
  1999.98  1.95787607
  2000.  1.92540689
  2000.02  1.86287895
  2000.04  1.77456353
  2000.06  1.66473192
  2000.08  1.5376554
  2000.1  1.40275809
  2000.12  1.29008178
  2000.14  1.23642036
  2000.16  1.27582123
  2000.18  1.3212973
  2000.2  1.24803417
  2000.22  0.999882892
  2000.24  0.760282248
  2000.26  0.641451583
  2000.28  0.720649217
  2000.3  1.04855197
  2000.32  1.56736025
  2000.34  2.18403138
  2000.36  2.80335438
  2000.38  3.3218872
  2000.4  3.68277602
  2000.42  3.91303476
  2000.44  4.04344452
  2000.46  4.09507941
  2000.48  4.07930658
  2000.5  4.00707112
  2000.52  3.88931812
  2000.54  3.73695076
  2000.56  3.5597702
  2000.58  3.36344206
  2000.6  3.15041727
  2000.62  2.91968945
  2000.64  2.65697896
  2000.66  2.34468886
  2000.68  1.96522224
  2000.7  1.50098215
  2000.72  0.93081478
  2000.74  0.219345208
  2000.76 -0.672355171
  2000.78 -1.78321496
  2000.8 -3.15216276
  2000.82 -4.80901283
  2000.84 -6.74710568
  2000.86 -8.95065924
  2000.88 -11.4029617
  2000.9 -14.0659017
  2000.92 -16.8799597
  2000.94 -19.7846849
  2002.00 0.0
