  1980.0      0.0
  1990.04004 -0.0221165722
  1990.06004 -0.0225605608
  1990.08004 -0.0230074044
  1990.10004 -0.0234599576
  1990.12004 -0.0239210753
  1990.14004 -0.0243931116
  1990.16004 -0.0248764296
  1990.18004 -0.0253708974
  1990.20004 -0.0258763832
  1990.22004 -0.0263924061
  1990.24004 -0.0269105975
  1990.26004 -0.0274147843
  1990.28004 -0.0278884598
  1990.30004 -0.0283150191
  1990.32004 -0.0286755931
  1990.34004 -0.0289490483
  1990.36004 -0.0291141528
  1990.38004 -0.0291501781
  1990.40004 -0.0290478693
  1990.42004 -0.0288093851
  1990.44004 -0.0284373758
  1990.46004 -0.0279344917
  1990.48004 -0.0273080646
  1990.50004 -0.0265839285
  1990.52004 -0.0257924877
  1990.54004 -0.0249641468
  1990.56004 -0.0241285025
  1990.58004 -0.0233119215
  1990.60004 -0.0225399629
  1990.62004 -0.0218381856
  1990.64004 -0.0212283472
  1990.66004 -0.0207170891
  1990.68004 -0.0203072966
  1990.70004 -0.0200018549
  1990.72004 -0.0198034761
  1990.74004 -0.019710963
  1990.76004 -0.0197192495
  1990.78004 -0.0198231044
  1990.80004 -0.0200173322
  1990.82004 -0.0202975569
  1990.84004 -0.0206602213
  1990.86004 -0.0211018043
  1990.88004 -0.0216188061
  1990.90004 -0.022208223
  1990.92004 -0.0228675442
  1990.94004 -0.0235942798
  1990.96004 -0.0243859405
  1990.98004 -0.0252394947
  1991.00004 -0.0261497691
  1991.02004 -0.0271110615
  1991.04004 -0.0281176694
  1991.06004 -0.0291641129
  1991.08004 -0.0302458003
  1991.10004 -0.0313583622
  1991.12004 -0.0324974292
  1991.14004 -0.0336581305
  1991.16004 -0.0348336015
  1991.18004 -0.0360164821
  1991.20004 -0.037199412
  1991.22004 -0.0383746959
  1991.24004 -0.0395270667
  1991.26004 -0.0406337641
  1991.28004 -0.0416717085
  1991.30004 -0.0426177609
  1991.32004 -0.0434474241
  1991.34004 -0.0441348422
  1991.36004 -0.0446541004
  1991.38004 -0.0449798444
  1991.40004 -0.0450994896
  1991.42004 -0.0450131551
  1991.44004 -0.0447215069
  1991.46004 -0.0442252112
  1991.48004 -0.0435301518
  1991.50004 -0.0426628344
  1991.52004 -0.0416548583
  1991.54004 -0.0405378231
  1991.56004 -0.0393420987
  1991.58004 -0.0380918556
  1991.60004 -0.0368092924
  1991.62004 -0.0355166064
  1991.64004 -0.0342335607
  1991.66004 -0.0329742399
  1991.68004 -0.0317532699
  1991.70004 -0.0305853074
  1991.72004 -0.0294846762
  1991.74004 -0.0284599515
  1991.76004 -0.0275147762
  1991.78004 -0.0266526271
  1991.80004 -0.0258770124
  1991.82004 -0.0251910787
  1991.84004 -0.0245968287
  1991.86004 -0.0240961361
  1991.88004 -0.0236909278
  1991.90004 -0.023382479
  1991.92004 -0.0231692568
  1991.94004 -0.0230492908
  1991.96004 -0.0230206086
  1991.98004 -0.0230781499
  1992.00004 -0.0232074642
  1992.02004 -0.0233923092
  1992.04004 -0.0236164421
  1992.06004 -0.0238641529
  1992.08004 -0.0241222791
  1992.10004 -0.0243784336
  1992.12004 -0.0246202297
  1992.14004 -0.0248353598
  1992.16004 -0.0250160327
  1992.18004 -0.0251576308
  1992.20004 -0.0252555687
  1992.22004 -0.0253050832
  1992.24004 -0.0252957932
  1992.26004 -0.025211067
  1992.28004 -0.0250339657
  1992.30004 -0.0247475014
  1992.32004 -0.0243347301
  1992.34004 -0.0237795969
  1992.36004 -0.0230661709
  1992.38004 -0.0221790034
  1992.40004 -0.021113917
  1992.42004 -0.0198782782
  1992.44004 -0.0184799992
  1992.46004 -0.0169269905
  1992.48004 -0.0152294377
  1992.50004 -0.0134085728
  1992.52004 -0.0114887412
  1992.54004 -0.00949428855
  1992.56004 -0.00744923491
  1992.58004 -0.00537761491
  1992.60004 -0.0033039012
  1992.62004 -0.00125256765
  1992.64004  0.000755351934
  1992.66004  0.00270912395
  1992.68004  0.00459892625
  1992.70004  0.00641491077
  1992.72004  0.00814774615
  1992.74004  0.00979727268
  1992.76004  0.0113713336
  1992.78004  0.0128780504
  1992.80004  0.014325533
  1992.82004  0.0157219717
  1992.84004  0.0170758803
  1992.86004  0.0183958118
  1992.88004  0.0196902815
  1992.90004  0.0209651141
  1992.92004  0.0222213282
  1992.94004  0.0234594227
  1992.96004  0.0246798966
  1992.98004  0.0258831924
  1993.00004  0.0270700569
  1993.02004  0.0282414105
  1993.04004  0.0293981738
  1993.06004  0.030539922
  1993.08004  0.0316594398
  1993.10004  0.0327473502
  1993.12004  0.0337942746
  1993.14004  0.0347908093
  1993.16004  0.0357253714
  1993.18004  0.0365848218
  1993.20004  0.0373560054
  1993.22004  0.0380263416
  1993.24004  0.0385942306
  1993.26004  0.0390680834
  1993.28004  0.0394566876
  1993.30004  0.0397689656
  1993.32004  0.0400181916
  1993.34004  0.0402229049
  1993.36004  0.0404019658
  1993.38004  0.040573732
  1993.40004  0.0407489
  1993.42004  0.0409349383
  1993.44004  0.0411398198
  1993.46004  0.0413715211
  1993.48004  0.0416380112
  1993.50004  0.0419425256
  1993.52004  0.0422862488
  1993.54004  0.0426703657
  1993.56004  0.0430959158
  1993.58004  0.0435613779
  1993.60004  0.0440639365
  1993.62004  0.0446007743
  1993.64004  0.0451715238
  1993.66004  0.0457752519
  1993.68004  0.0464058557
  1993.70004  0.0470571533
  1993.72004  0.0477225852
  1993.74004  0.0483922109
  1993.76004  0.0490549586
  1993.78004  0.0496998392
  1993.80004  0.0503157921
  1993.82004  0.0508883128
  1993.84004  0.0513981468
  1993.86004  0.0518257018
  1993.88004  0.0521514185
  1993.90004  0.0523569592
  1993.92004  0.0524257357
  1993.94004  0.0523413134
  1993.96004  0.0520872612
  1993.98004  0.0516519768
  1994.00004  0.0510387874
  1994.02004  0.0502539296
  1994.04004  0.0493036397
  1994.06004  0.0481947338
  1994.08004  0.0469374508
  1994.10004  0.0455432504
  1994.12004  0.0440235932
  1994.14004  0.0423900897
  1994.16004  0.0406533604
  1994.18004  0.0388230065
  1994.20004  0.0369086169
  1994.22004  0.0349200793
  1994.24004  0.0328743431
  1994.26004  0.030795481
  1994.28004  0.028707878
  1994.30004  0.0266359384
  1994.32004  0.0246036402
  1994.34004  0.022633898
  1994.36004  0.0207495158
  1994.38004  0.0189727687
  1994.40004  0.0173143856
  1994.42004  0.0157741978
  1994.44004  0.0143516532
  1994.46004  0.0130462021
  1994.48004  0.01185555
  1994.50004  0.0107675739
  1994.52004  0.00976717316
  1994.54004  0.00883924709
  1994.56004  0.00796898685
  1994.58004  0.00714142433
  1994.60004  0.00634111391
  1994.62004  0.00555260873
  1994.64004  0.00476392234
  1994.66004  0.00397138033
  1994.68004  0.00317071593
  1994.70004  0.00235762052
  1994.72004  0.00152794962
  1994.74004  0.000682172832
  1994.76004 -0.000174282467
  1994.78004 -0.00103575422
  1994.80004 -0.00189660208
  1994.82004 -0.00275270798
  1994.84004 -0.00360221991
  1994.86004 -0.00444345935
  1994.88004 -0.00527474056
  1994.90004 -0.00609646158
  1994.92004 -0.00691370048
  1994.94004 -0.00773211893
  1994.96004 -0.00855737786
  1994.98004 -0.00939336443
  1995.00004 -0.0102378972
  1995.02004 -0.0110874721
  1995.04004 -0.0119385851
  1995.06004 -0.0127877996
  1995.08004 -0.0136320402
  1995.10004 -0.0144683523
  1995.12004 -0.0152937814
  1995.14004 -0.0161055166
  1995.16004 -0.0169019879
  1995.18004 -0.0176822611
  1995.20004 -0.018445407
  1995.22004 -0.0191902723
  1995.24004 -0.0199123713
  1995.26004 -0.0206046624
  1995.28004 -0.0212600392
  1995.30004 -0.0218714392
  1995.32004 -0.0224334884
  1995.34004 -0.0229429919
  1995.36004 -0.0233968992
  1995.38004 -0.0237921687
  1995.40004 -0.024126862
  1995.42004 -0.0244011713
  1995.44004 -0.0246155318
  1995.46004 -0.0247703775
  1995.48004 -0.0248647246
  1995.50004 -0.0248933948
  1995.52004 -0.0248504378
  1995.54004 -0.0247299031
  1995.56004 -0.0245265623
  1995.58004 -0.0242390612
  1995.60004 -0.0238673402
  1995.62004 -0.0234113406
  1995.64004 -0.0228715847
  1995.66004 -0.0222536206
  1995.68004 -0.0215655696
  1995.70004 -0.0208155739
  1995.72004 -0.0200116519
  1995.74004 -0.0191599779
  1995.76004 -0.0182653127
  1995.78004 -0.0173323811
  1995.80004 -0.0163660003
  1995.82004 -0.0153745257
  1995.84004 -0.01437088
  1995.86004 -0.0133682877
  1995.88004 -0.0123800023
  1995.90004 -0.0114227118
  1995.92004 -0.0105197376
  1995.94004 -0.00969515855
  1995.96004 -0.00897305111
  1995.98004 -0.00837494533
  1996.00004 -0.00791483728
  1996.02004 -0.00760533652
  1996.04004 -0.00745905262
  1996.06004 -0.00748684069
  1996.08004 -0.00769013871
  1996.10004 -0.00806723841
  1996.12004 -0.00861642932
  1996.14004 -0.00933511859
  1996.16004 -0.0102130841
  1996.18004 -0.0112361969
  1996.20004 -0.0123902967
  1996.22004 -0.0136607927
  1996.24004 -0.0150266955
  1996.26004 -0.0164621094
  1996.28004 -0.0179410138
  1996.30004 -0.0194374387
  1996.32004 -0.0209273683
  1996.34004 -0.0223893085
  1996.36004 -0.0238019316
  1996.38004 -0.0251439251
  1996.40004 -0.0263957246
  1996.42004 -0.0275411428
  1996.44004 -0.028564378
  1996.46004 -0.0294496277
  1996.48004 -0.0301804295
  1996.50004 -0.030738368
  1996.52004 -0.0311046685
  1996.54004 -0.0312605563
  1996.56004 -0.0311889242
  1996.58004 -0.0308816155
  1996.60004 -0.0303334638
  1996.62004 -0.029539305
  1996.64004 -0.0284954927
  1996.66004 -0.027211504
  1996.68004 -0.0257035367
  1996.70004 -0.0239878424
  1996.72004 -0.0220809015
  1996.74004 -0.0200025877
  1996.76004 -0.0177753772
  1996.78004 -0.0154218125
  1996.80004 -0.0129644888
  1996.82004 -0.0104280208
  1996.84004 -0.00783962895
  1996.86004 -0.0052267063
  1996.88004 -0.00261663636
  1996.90004 -3.56716953E-05
  1996.92004  0.00249211955
  1996.94004  0.00494291852
  1996.96004  0.00729290993
  1996.98004  0.0095228301
  1997.00004  0.0116268805
  1997.02004  0.0136017408
  1997.04004  0.0154440905
  1997.06004  0.0171518749
  1997.08004  0.0187298335
  1997.10004  0.0201849751
  1997.12004  0.0215243105
  1997.14004  0.0227547684
  1997.16004  0.02388257
  1997.18004  0.0249135738
  1997.20004  0.0258536355
  1997.22004  0.0267085915
  1997.24004  0.0274839899
  1997.26004  0.0281851577
  1997.28004  0.0288174162
  1997.30004  0.0293859891
  1997.32004  0.0298923528
  1997.34004  0.030333148
  1997.36004  0.0307046954
  1997.38004  0.0310033077
  1997.40004  0.0312243287
  1997.42004  0.0313612321
  1997.44004  0.0314072778
  1997.46004  0.0313557279
  1997.48004  0.031202652
  1997.50004  0.0309524247
  1997.52004  0.030610949
  1997.54004  0.030184128
  1997.56004  0.029678194
  1997.58004  0.0291011467
  1997.60004  0.0284615758
  1997.62004  0.0277680717
  1997.64004  0.0270289716
  1997.66004  0.0262504235
  1997.68004  0.0254374544
  1997.70004  0.0245950824
  1997.72004  0.0237285936
  1997.74004  0.0228472677
  1997.76004  0.0219634457
  1997.78004  0.0210895468
  1997.80004  0.0202379725
  1997.82004  0.0194204459
  1997.84004  0.0186478144
  1997.86004  0.0179308675
  1997.88004  0.0172803813
  1997.90004  0.0167055209
  1997.92004  0.0162123405
  1997.94004  0.0158065391
  1997.96004  0.0154938164
  1997.98004  0.0152806534
  1998.00004  0.0151758423
  1998.02004  0.015188601
  1998.04004  0.0153281471
  1998.06004  0.0156026835
  1998.08004  0.0160149649
  1998.10004  0.016565926
  1998.12004  0.0172565002
  1998.14004  0.0180865627
  1998.16004  0.0190468404
  1998.18004  0.0201233757
  1998.20004  0.0213021728
  1998.22004  0.0225689724
  1998.24004  0.0239055908
  1998.26004  0.0252908352
  1998.28004  0.0267034364
  1998.30004  0.0281220439
  1998.32004  0.0295222101
  1998.34004  0.0308754892
  1998.36004  0.0321531714
  1998.38004  0.0333265528
  1998.40004  0.0343676787
  1998.42004  0.0352500403
  1998.44004  0.0359472942
  1998.46004  0.0364331003
  1998.48004  0.0366854796
  1998.50004  0.0366953543
  1998.52004  0.0364560211
  1998.54004  0.0359607767
  1998.56004  0.0352043464
  1998.58004  0.0341891249
  1998.60004  0.0329200686
  1998.62004  0.0314021362
  1998.64004  0.0296407629
  1998.66004  0.0276455055
  1998.68004  0.0254280315
  1998.70004  0.0230000255
  1998.72004  0.0203742701
  1998.74004  0.0175798811
  1998.76004  0.0146584981
  1998.78004  0.0116520797
  1998.80004  0.00860261815
  1998.82004  0.00555337987
  1998.84004  0.00254927612
  1998.86004 -0.000364673047
  1998.88004 -0.00314351388
  1998.90004 -0.00575015947
  1998.92004 -0.00816271774
  1998.94004 -0.0103610308
  1998.96004 -0.0123249432
  1998.98004 -0.0140373175
  1999.00004 -0.0154899445
  1999.02004 -0.0166762585
  1999.04004 -0.0175896934
  1999.06004 -0.0182252257
  1999.08004 -0.0185861094
  1999.10004 -0.0186783639
  1999.12004 -0.0185080109
  1999.14004 -0.0180832102
  1999.16004 -0.0174253034
  1999.18004 -0.0165611908
  1999.20004 -0.0155178084
  1999.22004 -0.0143220668
  1999.24004 -0.0130004921
  1999.26004 -0.0115793158
  1999.28004 -0.0100847619
  1999.30004 -0.00854307905
  1999.32004 -0.00698144996
  1999.34004 -0.00542826348
  1999.36004 -0.0039119882
  1999.38004 -0.00246108063
  1999.40004 -0.00110256532
  1999.42004  0.00013929909
  1999.44004  0.00124056964
  1999.46004  0.00217730677
  1999.48004  0.00292991222
  1999.50004  0.00349163079
  1999.52004  0.00385807095
  1999.54004  0.00402484115
  1999.56004  0.00398834037
  1999.58004  0.00374921085
  1999.60004  0.00330951246
  1999.62004  0.00267130608
  1999.64004  0.00183692132
  1999.66004  0.000811011308
  1999.68004 -0.000400581007
  1999.70004 -0.00179200305
  1999.72004 -0.00335672937
  1999.74004 -0.00507822608
  1999.76004 -0.00693228508
  1999.78004 -0.00889450263
  1999.80004 -0.0109403975
  1999.82004 -0.0130425184
  1999.84004 -0.0151695816
  1999.86004 -0.0172900495
  1999.88004 -0.0193724072
  1999.90004 -0.0213878175
  1999.92004 -0.0233126156
  1999.94004 -0.0251237266
  1999.96004 -0.0267980779
  1999.98004 -0.0283150488
  2000.00004 -0.0296612724
  2000.02004 -0.030824717
  2000.04004 -0.0317933509
  2000.06004 -0.0325576234
  2000.08004 -0.0331213008
  2000.10004 -0.0334925986
  2000.12004 -0.0336797354
  2000.14004 -0.0336919146
  2000.16004 -0.033546853
  2000.18004 -0.033266627
  2000.20004 -0.0328733484
  2000.22004 -0.0323889716
  2000.24004 -0.0318331118
  2000.26004 -0.0312235901
  2000.28004 -0.0305781823
  2000.30004 -0.029914612
  2000.32004 -0.0292486181
  2000.34004 -0.0285933779
  2000.36004 -0.0279618993
  2000.38004 -0.0273671665
  2000.40004 -0.0268193615
  2000.42004 -0.0263232539
  2000.44004 -0.0258829958
  2000.46004 -0.0255027362
  2000.48004 -0.0251830775
  2000.50004 -0.0249141295
  2000.52004 -0.0246840707
  2000.54004 -0.0244810797
  2000.56004 -0.0242940387
  2000.58004 -0.0241156067
  2000.60004 -0.0239397046
  2000.62004 -0.0237602541
  2000.64004 -0.0235717796
  2000.66004 -0.0233740177
  2000.68004 -0.0231693733
  2000.70004 -0.0229602734
  2000.72004 -0.0227489268
  2000.74004 -0.0225343007
  2000.76004 -0.0223128763
  2000.78004 -0.0220810717
  2000.80004 -0.0218353233
  2000.82004 -0.021572771
  2000.84004 -0.0212914628
  2000.86004 -0.0209895066
  2000.88004 -0.0206650309
  2000.90004 -0.020318589
  2000.92004 -0.019955418
  2000.94004 -0.0195812895
  2002.0      0.0
