  1983.0     -0.660307156
  1983.04199 -0.660307156
  1983.06199 -0.641393357
  1983.08199 -0.622381216
  1983.10199 -0.60317239
  1983.12199 -0.583668535
  1983.14199 -0.563793748
  1983.16199 -0.543613938
  1983.18199 -0.523250253
  1983.20199 -0.502823969
  1983.22199 -0.482472261
  1983.24199 -0.462497033
  1983.26199 -0.443297634
  1983.28199 -0.425274681
  1983.30199 -0.40882519
  1983.32199 -0.39426335
  1983.34199 -0.381820521
  1983.36199 -0.371724462
  1983.38199 -0.364199027
  1983.40199 -0.359258903
  1983.42199 -0.35660824
  1983.44199 -0.355926012
  1983.46199 -0.356891077
  1983.48199 -0.359157896
  1983.50199 -0.362326337
  1983.52199 -0.36598886
  1983.54199 -0.369737922
  1983.56199 -0.373191323
  1983.58199 -0.376068225
  1983.60199 -0.378113131
  1983.62199 -0.379070544
  1983.64199 -0.378730743
  1983.66199 -0.377173302
  1983.68199 -0.374590485
  1983.70199 -0.371174813
  1983.72199 -0.367102359
  1983.74199 -0.362378797
  1983.76199 -0.356909003
  1983.78199 -0.350596541
  1983.80199 -0.343340564
  1983.82199 -0.334938766
  1983.84199 -0.325087383
  1983.86199 -0.313478238
  1983.88199 -0.299805489
  1983.90199 -0.283888134
  1983.92199 -0.265730523
  1983.94199 -0.245352031
  1983.96199 -0.222772153
  1983.98199 -0.198036218
  1984.00199 -0.171247353
  1984.02199 -0.14251653
  1984.04199 -0.111954723
  1984.06199 -0.0796946368
  1984.08199 -0.0459559077
  1984.10199 -0.0109799055
  1984.12199  0.0249920004
  1984.14199  0.0617194714
  1984.16199  0.0989686841
  1984.18199  0.136508353
  1984.20199  0.174107199
  1984.22199  0.211514121
  1984.24199  0.248272667
  1984.26199  0.283804913
  1984.28199  0.317531353
  1984.30199  0.348878444
  1984.32199  0.377409819
  1984.34199  0.402826286
  1984.36199  0.424834619
  1984.38199  0.443145439
  1984.40199  0.457675591
  1984.42199  0.46864808
  1984.44199  0.476310733
  1984.46199  0.480911422
  1984.48199  0.482707368
  1984.50199  0.481976717
  1984.52199  0.479000451
  1984.54199  0.474059555
  1984.56199  0.467411807
  1984.58199  0.459222164
  1984.60199  0.449632378
  1984.62199  0.438784198
  1984.64199  0.426803904
  1984.66199  0.413719995
  1984.68199  0.399522884
  1984.70199  0.384202894
  1984.72199  0.367759613
  1984.74199  0.350288584
  1984.76199  0.331942114
  1984.78199  0.312873249
  1984.80199  0.293236096
  1984.82199  0.273209164
  1984.84199  0.252995369
  1984.86199  0.232798686
  1984.88199  0.212821141
  1984.90199  0.193160379
  1984.92199  0.173759071
  1984.94199  0.154547328
  1984.96199  0.13545546
  1984.98199  0.116457031
  1985.00199  0.0976223848
  1985.02199  0.0790350002
  1985.04199  0.0607783567
  1985.06199  0.0429432533
  1985.08199  0.0256497677
  1985.10199  0.00902529775
  1985.12199 -0.00680275912
  1985.14199 -0.0217157561
  1985.16199 -0.0356503505
  1985.18199 -0.0485647426
  1985.20199 -0.0604171818
  1985.22199 -0.0711714855
  1985.24199 -0.0808491582
  1985.26199 -0.0895058285
  1985.28199 -0.0971975696
  1985.30199 -0.103990095
  1985.32199 -0.11017084
  1985.34199 -0.116248966
  1985.36199 -0.12274327
  1985.38199 -0.130170787
  1985.40199 -0.138953956
  1985.42199 -0.149374776
  1985.44199 -0.161703863
  1985.46199 -0.176211186
  1985.48199 -0.193028321
  1985.50199 -0.211977196
  1985.52199 -0.23283771
  1985.54199 -0.255389762
  1985.56199 -0.279338705
  1985.58199 -0.304091717
  1985.60199 -0.328981431
  1985.62199 -0.35334048
  1985.64199 -0.37654937
  1985.66199 -0.398291147
  1985.68199 -0.418366715
  1985.70199 -0.436577242
  1985.72199 -0.452734106
  1985.74199 -0.466754466
  1985.76199 -0.478618049
  1985.78199 -0.4883054
  1985.80199 -0.495799741
  1985.82199 -0.501145874
  1985.84199 -0.504450178
  1985.86199 -0.505821711
  1985.88199 -0.505369999
  1985.90199 -0.50322967
  1985.92199 -0.499572618
  1985.94199 -0.494573761
  1985.96199 -0.488408012
  1985.98199 -0.481250289
  1986.00199 -0.473275508
  1986.02199 -0.464658584
  1986.04199 -0.455574433
  1986.06199 -0.446197972
  1986.08199 -0.436704116
  1986.10199 -0.427267781
  1986.12199 -0.418063883
  1986.14199 -0.409241451
  1986.16199 -0.400785902
  1986.18199 -0.392618925
  1986.20199 -0.384662061
  1986.22199 -0.376859992
  1986.24199 -0.369397107
  1986.26199 -0.362599595
  1986.28199 -0.356795492
  1986.30199 -0.352310796
  1986.32199 -0.349424644
  1986.34199 -0.34836931
  1986.36199 -0.34937503
  1986.38199 -0.352669777
  1986.40199 -0.35836014
  1986.42199 -0.366372503
  1986.44199 -0.37661864
  1986.46199 -0.389009998
  1986.48199 -0.403387855
  1986.50199 -0.419436494
  1986.52199 -0.436818888
  1986.54199 -0.455198007
  1986.56199 -0.474249083
  1986.58199 -0.493696374
  1986.60199 -0.513276401
  1986.62199 -0.53272568
  1986.64199 -0.551780732
  1986.66199 -0.570178073
  1986.68199 -0.587654223
  1986.70199 -0.603945699
  1986.72199 -0.618800243
  1986.74199 -0.632081869
  1986.76199 -0.643723367
  1986.78199 -0.653658424
  1986.80199 -0.661820729
  1986.82199 -0.668143969
  1986.84199 -0.672561832
  1986.86199 -0.675008005
  1986.88199 -0.675418716
  1986.90199 -0.673866246
  1986.92199 -0.670624867
  1986.94199 -0.665985228
  1986.96199 -0.660237476
  1986.98199 -0.65356439
  1987.00199 -0.645908518
  1987.02199 -0.6371798
  1987.04199 -0.627288174
  1987.06199 -0.616144808
  1987.08199 -0.60366577
  1987.10199 -0.589768355
  1987.12199 -0.574369859
  1987.14199 -0.557388438
  1987.16199 -0.53874769
  1987.18199 -0.518373333
  1987.20199 -0.49619109
  1987.22199 -0.472150055
  1987.24199 -0.446441455
  1987.26199 -0.419399749
  1987.28199 -0.391361259
  1987.30199 -0.362665246
  1987.32199 -0.333718461
  1987.34199 -0.304995148
  1987.36199 -0.27697249
  1987.38199 -0.250125912
  1987.40199 -0.224837002
  1987.42199 -0.201348022
  1987.44199 -0.179889942
  1987.46199 -0.16069297
  1987.48199 -0.143824408
  1987.50199 -0.128987066
  1987.52199 -0.115834277
  1987.54199 -0.104019375
  1987.56199 -0.093183378
  1987.58199 -0.0829180482
  1987.60199 -0.0728028331
  1987.62199 -0.0624171802
  1987.64199 -0.051407107
  1987.66199 -0.0398393418
  1987.68199 -0.027944499
  1987.70199 -0.0159535629
  1987.72199 -0.00407780938
  1987.74199  0.00767566184
  1987.76199  0.0194205296
  1987.78199  0.0312720464
  1987.80199  0.0433458782
  1987.82199  0.0557671998
  1987.84199  0.0686706948
  1987.86199  0.0821914602
  1987.88199  0.0964645277
  1987.90199  0.111621418
  1987.92199  0.127788438
  1987.94199  0.145091474
  1987.96199  0.163656577
  1987.98199  0.183645602
  1988.00199  0.205300509
  1988.02199  0.228874131
  1988.04199  0.254619302
  1988.06199  0.282793301
  1988.08199  0.313671193
  1988.10199  0.347532487
  1988.12199  0.384656695
  1988.14199  0.425281085
  1988.16199  0.469375952
  1988.18199  0.516807599
  1988.20199  0.567442089
  1988.22199  0.621118384
  1988.24199  0.677394646
  1988.26199  0.735662934
  1988.28199  0.795313142
  1988.30199  0.855732792
  1988.32199  0.916254827
  1988.34199  0.976157615
  1988.36199  1.03471715
  1988.38199  1.09121276
  1988.40199  1.14510258
  1988.42199  1.19611019
  1988.44199  1.24398068
  1988.46199  1.28845948
  1988.48199  1.32936181
  1988.50199  1.36665901
  1988.52199  1.40034364
  1988.54199  1.43040825
  1988.56199  1.45689465
  1988.58199  1.48004176
  1988.60199  1.50013775
  1988.62199  1.51747081
  1988.64199  1.53229058
  1988.66199  1.54460324
  1988.68199  1.55432008
  1988.70199  1.56135222
  1988.72199  1.56562863
  1988.74199  1.56726343
  1988.76199  1.56648025
  1988.78199  1.56350417
  1988.80199  1.55856035
  1988.82199  1.55187646
  1988.84199  1.54368261
  1988.86199  1.53420903
  1988.88199  1.5236843
  1988.90199  1.51224789
  1988.92199  1.499907
  1988.94199  1.48665812
  1988.96199  1.4724978
  1988.98199  1.45743571
  1989.00199  1.44151096
  1989.02199  1.42476661
  1989.04199  1.40724575
  1989.06199  1.38900897
  1989.08199  1.37018688
  1989.10199  1.35092758
  1989.12199  1.33137919
  1989.14199  1.31168571
  1989.16199  1.2919651
  1989.18199  1.27232518
  1989.20199  1.25287374
  1989.22199  1.23371455
  1989.24199  1.21490965
  1989.26199  1.19649637
  1989.28199  1.17851173
  1989.30199  1.16099421
  1989.32199  1.14401593
  1989.34199  1.12768263
  1989.36199  1.11210153
  1989.38199  1.09738078
  1989.40199  1.08367935
  1989.42199  1.0712316
  1989.44199  1.06027804
  1989.46199  1.05105867
  1989.48199  1.04371395
  1989.50199  1.03816149
  1989.52199  1.03428866
  1989.54199  1.03198285
  1989.56199  1.03109153
  1989.58199  1.03130262
  1989.60199  1.03226411
  1989.62199  1.03362404
  1989.64199  1.03503521
  1989.66199  1.03618088
  1989.68199  1.03675614
  1989.70199  1.03645612
  1989.72199  1.03498863
  1989.74199  1.03219298
  1989.76199  1.02798626
  1989.78199  1.02228658
  1989.80199  1.01501647
  1989.82199  1.0062001
  1989.84199  0.995963268
  1989.86199  0.984436197
  1989.88199  0.971749391
  1989.90199  0.958048233
  1989.92199  0.943500206
  1989.94199  0.928274581
  1989.96199  0.912540592
  1989.98199  0.896458776
  1990.00199  0.880170221
  1990.02199  0.863813373
  1990.04199  0.847526675
  1990.06199  0.831448675
  1990.08199  0.815723828
  1990.10199  0.800499104
  1990.12199  0.785921447
  1990.14199  0.77209814
  1990.16199  0.759011208
  1990.18199  0.74661669
  1990.20199  0.734870611
  1990.22199  0.723722473
  1990.24199  0.712998737
  1990.26199  0.702421056
  1990.28199  0.691707969
  1990.30199  0.680583324
  1990.32199  0.668899048
  1990.34199  0.656637725
  1990.36199  0.643787778
  1990.38199  0.630348936
  1990.40199  0.616509988
  1990.42199  0.602624779
  1990.44199  0.589053635
  1990.46199  0.576156342
  1990.48199  0.5642312
  1990.50199  0.553486626
  1990.52199  0.54412828
  1990.54199  0.536361807
  1990.56199  0.530352907
  1990.58199  0.526132974
  1990.60199  0.523704649
  1990.62199  0.523070496
  1990.64199  0.524170304
  1990.66199  0.526898141
  1990.68199  0.531194105
  1990.70199  0.536998523
  1990.72199  0.544249302
  1990.74199  0.552820778
  1990.76199  0.562527496
  1990.78199  0.573182008
  1990.80199  0.584600199
  1990.82199  0.596668269
  1990.84199  0.609340032
  1990.86199  0.622572081
  1990.88199  0.636320341
  1990.90199  0.650596789
  1990.92199  0.665522046
  1990.94199  0.681227062
  1990.96199  0.697842535
  1990.98199  0.715423444
  1991.00199  0.733836364
  1991.02199  0.752918538
  1991.04199  0.772507215
  1991.06199  0.792447408
  1991.08199  0.812603253
  1991.10199  0.832841403
  1991.12199  0.853028492
  1991.14199  0.873001932
  1991.16199  0.892510082
  1991.18199  0.911284001
  1991.20199  0.929054747
  1991.22199  0.945543895
  1991.24199  0.960320229
  1991.26199  0.972830632
  1991.28199  0.982518679
  1991.30199  0.988834855
  1991.32199  0.991399996
  1991.34199  0.990010234
  1991.36199  0.984469621
  1991.38199  0.974592983
  1991.40199  0.960399052
  1991.42199  0.942105701
  1991.44199  0.919940769
  1991.46199  0.894132068
  1991.48199  0.864950635
  1991.50199  0.832806502
  1991.52199  0.798136942
  1991.54199  0.76137921
  1991.56199  0.723020507
  1991.58199  0.683778355
  1991.60199  0.644433645
  1991.62199  0.605767183
  1991.64199  0.568456816
  1991.66199  0.53288202
  1991.68199  0.499370126
  1991.70199  0.468248477
  1991.72199  0.439809099
  1991.74199  0.413944407
  1991.76199  0.390290973
  1991.78199  0.368480973
  1991.80199  0.348154113
  1991.82199  0.329101698
  1991.84199  0.311257351
  1991.86199  0.294560327
  1991.88199  0.278949488
  1991.90199  0.264348398
  1991.92199  0.250659491
  1991.94199  0.237783584
  1991.96199  0.22562107
  1991.98199  0.213970487
  1992.00199  0.202393413
  1992.02199  0.190417461
  1992.04199  0.17757026
  1992.06199  0.163441352
  1992.08199  0.147844404
  1992.10199  0.130644662
  1992.12199  0.111707354
  1992.14199  0.0909084142
  1992.16199  0.0682570468
  1992.18199  0.0438263012
  1992.20199  0.0176893962
  1992.22199 -0.0100822084
  1992.24199 -0.0394797422
  1992.26199 -0.0705571932
  1992.28199 -0.103370768
  1992.30199 -0.137975246
  1992.32199 -0.174401691
  1992.34199 -0.212661364
  1992.36199 -0.252764902
  1992.38199 -0.294712552
  1992.40199 -0.338412364
  1992.42199 -0.383764332
  1992.44199 -0.430675486
  1992.46199 -0.479052879
  1992.48199 -0.528751513
  1992.50199 -0.579460957
  1992.52199 -0.630838616
  1992.54199 -0.682541913
  1992.56199 -0.734162558
  1992.58199 -0.785002944
  1992.60199 -0.834288125
  1992.62199 -0.881243232
  1992.64199 -0.925194718
  1992.66199 -0.96576905
  1992.68199 -1.00264767
  1992.70199 -1.035512
  1992.72199 -1.06408384
  1992.74199 -1.08853081
  1992.76199 -1.1093003
  1992.78199 -1.12684423
  1992.80199 -1.14161054
  1992.82199 -1.15399011
  1992.84199 -1.16433159
  1992.86199 -1.17298269
  1992.88199 -1.18028888
  1992.90199 -1.18654256
  1992.92199 -1.19197633
  1992.94199 -1.19681902
  1992.96199 -1.20129971
  1992.98199 -1.20568652
  1993.00199 -1.21033269
  1993.02199 -1.21560253
  1993.04199 -1.2218603
  1993.06199 -1.22940687
  1993.08199 -1.23833427
  1993.10199 -1.24869083
  1993.12199 -1.26052486
  1993.14199 -1.27385222
  1993.16199 -1.28851275
  1993.18199 -1.30428301
  1993.20199 -1.32093943
  1993.22199 -1.33826514
  1993.24199 -1.35613382
  1993.26199 -1.37448493
  1993.28199 -1.39325944
  1993.30199 -1.412392
  1993.32199 -1.43172745
  1993.34199 -1.45104482
  1993.36199 -1.47012176
  1993.38199 -1.48871991
  1993.40199 -1.50646483
  1993.42199 -1.52298001
  1993.44199 -1.5379007
  1993.46199 -1.55086316
  1993.48199 -1.5616336
  1993.50199 -1.57019053
  1993.52199 -1.5765257
  1993.54199 -1.58063089
  1993.56199 -1.58253758
  1993.58199 -1.58244101
  1993.60199 -1.58057834
  1993.62199 -1.57718677
  1993.64199 -1.57254844
  1993.66199 -1.56693771
  1993.68199 -1.56057288
  1993.70199 -1.553672
  1993.72199 -1.54643911
  1993.74199 -1.53896053
  1993.76199 -1.53126885
  1993.78199 -1.52339684
  1993.80199 -1.51536998
  1993.82199 -1.50707922
  1993.84199 -1.4982949
  1993.86199 -1.48878295
  1993.88199 -1.478309
  1993.90199 -1.46669551
  1993.92199 -1.45386951
  1993.94199 -1.43976769
  1993.96199 -1.42432714
  1993.98199 -1.4075617
  1994.00199 -1.38965481
  1994.02199 -1.3708125
  1994.04199 -1.35124077
  1994.06199 -1.33110935
  1994.08199 -1.31048802
  1994.10199 -1.28943012
  1994.12199 -1.26798899
  1994.14199 -1.24622297
  1994.16199 -1.22423921
  1994.18199 -1.20216692
  1994.20199 -1.18013536
  1994.22199 -1.15828351
  1994.24199 -1.13688017
  1994.26199 -1.11628784
  1994.28199 -1.09687115
  1994.30199 -1.07898755
  1994.32199 -1.06286435
  1994.34199 -1.04861406
  1994.36199 -1.03634513
  1994.38199 -1.02615121
  1994.40199 -1.01792447
  1994.42199 -1.0114217
  1994.44199 -1.00639848
  1994.46199 -1.00261081
  1994.48199 -0.999837826
  1994.50199 -0.997849811
  1994.52199 -0.996403839
  1994.54199 -0.995257001
  1994.56199 -0.994173744
  1994.58199 -0.992925291
  1994.60199 -0.991280267
  1994.62199 -0.989007382
  1994.64199 -0.985955438
  1994.66199 -0.982097267
  1994.68199 -0.977384515
  1994.70199 -0.971768638
  1994.72199 -0.965209383
  1994.74199 -0.957797349
  1994.76199 -0.949726501
  1994.78199 -0.941193568
  1994.80199 -0.93239129
  1994.82199 -0.923427852
  1994.84199 -0.914330013
  1994.86199 -0.905121178
  1994.88199 -0.895825388
  1994.90199 -0.886458679
  1994.92199 -0.87701348
  1994.94199 -0.867479611
  1994.96199 -0.857847074
  1994.98199 -0.848157454
  1995.00199 -0.838577957
  1995.02199 -0.829294867
  1995.04199 -0.820494467
  1995.06199 -0.812333831
  1995.08199 -0.804853191
  1995.10199 -0.798063566
  1995.12199 -0.791975978
  1995.14199 -0.786592374
  1995.16199 -0.781857363
  1995.18199 -0.777693214
  1995.20199 -0.774022147
  1995.22199 -0.770770079
  1995.24199 -0.767901198
  1995.26199 -0.765402336
  1995.28199 -0.763260619
  1995.30199 -0.761460324
  1995.32199 -0.759920214
  1995.34199 -0.758493533
  1995.36199 -0.757030677
  1995.38199 -0.755381705
  1995.40199 -0.753378484
  1995.42199 -0.750825882
  1995.44199 -0.747526575
  1995.46199 -0.743283526
  1995.48199 -0.737961187
  1995.50199 -0.731561582
  1995.52199 -0.724105412
  1995.54199 -0.715613377
  1995.56199 -0.706117802
  1995.58199 -0.695697526
  1995.60199 -0.684443016
  1995.62199 -0.672444735
  1995.64199 -0.659797219
  1995.66199 -0.646620707
  1995.68199 -0.633045454
  1995.70199 -0.619201738
  1995.72199 -0.605220675
  1995.74199 -0.591242091
  1995.76199 -0.57741096
  1995.78199 -0.563872325
  1995.80199 -0.550766822
  1995.82199 -0.538133748
  1995.84199 -0.525911061
  1995.86199 -0.514032315
  1995.88199 -0.502430306
  1995.90199 -0.490997264
  1995.92199 -0.479565198
  1995.94199 -0.467961233
  1995.96199 -0.456012569
  1995.98199 -0.443562556
  1996.00199 -0.430490679
  1996.02199 -0.416681325
  1996.04199 -0.402018883
  1996.06199 -0.38639009
  1996.08199 -0.369691086
  1996.10199 -0.351820359
  1996.12199 -0.332676398
  1996.14199 -0.312176302
  1996.16199 -0.29035478
  1996.18199 -0.267292356
  1996.20199 -0.243069657
  1996.22199 -0.21777747
  1996.24199 -0.191611837
  1996.26199 -0.164831059
  1996.28199 -0.137694251
  1996.30199 -0.110459515
  1996.32199 -0.083361662
  1996.34199 -0.0566122164
  1996.36199 -0.0304216892
  1996.38199 -0.0050013766
  1996.40199  0.0193953666
  1996.42199  0.0424527438
  1996.44199  0.0638498963
  1996.46199  0.0832658217
  1996.48199  0.100348719
  1996.50199  0.114677879
  1996.52199  0.125823239
  1996.54199  0.133354734
  1996.56199  0.136908515
  1996.58199  0.136385579
  1996.60199  0.131753135
  1996.62199  0.122978395
  1996.64199  0.110073869
  1996.66199  0.0933383649
  1996.68199  0.0731822163
  1996.70199  0.0500160082
  1996.72199  0.0242485805
  1996.74199 -0.0037293061
  1996.76199 -0.0335375858
  1996.78199 -0.0647963319
  1996.80199 -0.0971253209
  1996.82199 -0.130137496
  1996.84199 -0.16343897
  1996.86199 -0.196635554
  1996.88199 -0.229333582
  1996.90199 -0.261167071
  1996.92199 -0.29181115
  1996.94199 -0.320944278
  1996.96199 -0.348245347
  1996.98199 -0.373486205
  1997.00199 -0.396646669
  1997.02199 -0.417734789
  1997.04199 -0.436758613
  1997.06199 -0.453734775
  1997.08199 -0.468714243
  1997.10199 -0.481756568
  1997.12199 -0.492921304
  1997.14199 -0.502268537
  1997.16199 -0.50986174
  1997.18199 -0.515765706
  1997.20199 -0.52004523
  1997.22199 -0.522768013
  1997.24199 -0.524031864
  1997.26199 -0.523952401
  1997.28199 -0.522645475
  1997.30199 -0.520224434
  1997.32199 -0.516745054
  1997.34199 -0.512205545
  1997.36199 -0.506601611
  1997.38199 -0.499929816
  1997.40199 -0.492232727
  1997.42199 -0.483621216
  1997.44199 -0.474211689
  1997.46199 -0.464120815
  1997.48199 -0.453521501
  1997.50199 -0.442712479
  1997.52199 -0.43200956
  1997.54199 -0.421728558
  1997.56199 -0.412124712
  1997.58199 -0.403210977
  1997.60199 -0.394939734
  1997.62199 -0.387263366
  1997.64199 -0.38010967
  1997.66199 -0.373251072
  1997.68199 -0.366399474
  1997.70199 -0.359266642
  1997.72199 -0.351582659
  1997.74199 -0.3432674
  1997.76199 -0.334353003
  1997.78199 -0.324873073
  1997.80199 -0.314863448
  1997.82199 -0.304411417
  1997.84199 -0.293655712
  1997.86199 -0.282737305
  1997.88199 -0.27179593
  1997.90199 -0.26090508
  1997.92199 -0.250039908
  1997.94199 -0.239167594
  1997.96199 -0.228255416
  1997.98199 -0.217292186
  1998.00199 -0.20631489
  1998.02199 -0.195367055
  1998.04199 -0.184492206
  1998.06199 -0.173739946
  1998.08199 -0.163184178
  1998.10199 -0.152904883
  1998.12199 -0.142982042
  1998.14199 -0.133474337
  1998.16199 -0.124305861
  1998.18199 -0.115348276
  1998.20199 -0.106473126
  1998.22199 -0.0975392671
  1998.24199 -0.0882741328
  1998.26199 -0.078327411
  1998.28199 -0.0673477772
  1998.30199 -0.0549850753
  1998.32199 -0.0409160291
  1998.34199 -0.0248442418
  1998.36199 -0.00647448532
  1998.38199  0.0144857848
  1998.40199  0.0381853519
  1998.42199  0.0645595672
  1998.44199  0.093526478
  1998.46199  0.125003677
  1998.48199  0.158811082
  1998.50199  0.194550075
  1998.52199  0.231792372
  1998.54199  0.270109692
  1998.56199  0.309086569
  1998.58199  0.348358818
  1998.60199  0.38757507
  1998.62199  0.426383958
  1998.64199  0.464455821
  1998.66199  0.501598193
  1998.68199  0.537672046
  1998.70199  0.572538476
  1998.72199  0.606053945
  1998.74199  0.638026931
  1998.76199  0.668237527
  1998.78199  0.696465458
  1998.80199  0.722492185
  1998.82199  0.746139147
  1998.84199  0.767267761
  1998.86199  0.785741183
  1998.88199  0.801424657
  1998.90199  0.814295313
  1998.92199  0.824496394
  1998.94199  0.832184608
  1998.96199  0.837516554
  1998.98199  0.840625279
  1999.00199  0.841591135
  1999.02199  0.84048732
  1999.04199  0.837387032
  1999.06199  0.832370496
  1999.08199  0.825546045
  1999.10199  0.81702904
  1999.12199  0.806934838
  1999.14199  0.795409709
  1999.16199  0.782795253
  1999.18199  0.769509164
  1999.20199  0.755969304
  1999.22199  0.742596573
  1999.24199  0.729843311
  1999.26199  0.718180455
  1999.28199  0.708079184
  1999.30199  0.700006124
  1999.32199  0.694323157
  1999.34199  0.691287422
  1999.36199  0.691151502
  1999.38199  0.69416452
  1999.40199  0.700390052
  1999.42199  0.709616217
  1999.44199  0.721608798
  1999.46199  0.736133348
  1999.48199  0.752906258
  1999.50199  0.771533915
  1999.52199  0.791607773
  1999.54199  0.812719287
  1999.56199  0.834513507
  1999.58199  0.856849855
  1999.60199  0.879641351
  1999.62199  0.902801011
  1999.64199  0.926257327
  1999.66199  0.950036579
  1999.68199  0.974203143
  1999.70199  0.99882148
  1999.72199  1.02394064
  1999.74199  1.04945001
  1999.76199  1.07514453
  1999.78199  1.10081791
  1999.80199  1.12626084
  1999.82199  1.15119429
  1999.84199  1.17526953
  1999.86199  1.1981348
  1999.88199  1.2194391
  1999.90199  1.23887281
  1999.92199  1.25618768
  1999.94199  1.27114046
  1999.96199  1.28348798
  1999.98199  1.29300816
  2000.00199  1.29952608
  2000.02199  1.30287322
  2000.04199  1.30288105
  2000.06199  1.29942812
  2000.08199  1.29258125
  2000.10199  1.28245432
  2000.12199  1.2691612
  2000.14199  1.25284931
  2000.16199  1.23387788
  2000.18199  1.21268868
  2000.20199  1.18972367
  2000.22199  1.16542374
  2000.24199  1.14021889
  2000.26199  1.11453263
  2000.28199  1.08878841
  2000.30199  1.06340793
  2000.32199  1.03877287
  2000.34199  1.01522486
  2000.36199  0.993103819
  2000.38199  0.972748377
  2000.40199  0.954429812
  2000.42199  0.938319369
  2000.44199  0.92458019
  2000.46199  0.91337501
  2000.48199  0.904780545
  2000.50199  0.898681041
  2000.52199  0.894934617
  2000.54199  0.893399393
  2000.56199  0.893941396
  2000.58199  0.896458284
  2000.60199  0.900855624
  2000.62199  0.907038982
  2000.64199  0.914924644
  2000.66199  0.924496654
  2000.68199  0.935765453
  2000.70199  0.948741539
  2000.72199  0.96342682
  2000.74199  0.979734215
  2000.76199  0.997523998
  2000.78199  1.01665576
  2000.80199  1.03698762
  2000.82199  1.05834381
  2000.84199  1.08051468
  2000.86199  1.10328913
  2000.88199  1.12645709
  2000.90199  1.14986555
  2000.92199  1.17344618
  2000.94199  1.19713752
  2002.0      0.0
