1983.0            0.0
1985.0000000000   0.85738019089047
1985.0200000000   0.78764402927530
1985.0400000000   0.71676404061740
1985.0600000000   0.64361331647273
1985.0800000000   0.56834123465841
1985.1000000000   0.49258320306463
1985.1200000000   0.41863962438658
1985.1400000000   0.34927863669657
1985.1600000000   0.28688096442421
1985.1800000000   0.23239189643714
1985.2000000000   0.18544886594823
1985.2200000000   0.14471833748313
1985.2400000000   0.10872319236589
1985.2600000000    7.6979513523459D-02
1985.2800000000    5.0335803440390D-02
1985.3000000000    2.9775382227919D-02
1985.3200000000    1.6431502271880D-02
1985.3400000000    1.0730414620529D-02
1985.3600000000    1.2336372632992D-02
1985.3800000000    2.0235472014928D-02
1985.4000000000    3.3211698842454D-02
1985.4200000000    5.0331717015531D-02
1985.4400000000    7.0539093063651D-02
1985.4600000000    9.2368961558068D-02
1985.4800000000   0.11454601227980
1985.5000000000   0.13579959396772
1985.5200000000   0.15503653111039
1985.5400000000   0.17111954911222
1985.5600000000   0.18288066228493
1985.5800000000   0.18990259063002
1985.6000000000   0.19159782467953
1985.6200000000   0.18774955074582
1985.6400000000   0.17869600675442
1985.6600000000   0.16491846716224
1985.6800000000   0.14637215823999
1985.7000000000   0.12245339042620
1985.7200000000    9.2399276203275D-02
1985.7400000000    5.6065654621989D-02
1985.7600000000    1.4779277489044D-02
1985.7800000000   -2.9827183293529D-02
1985.8000000000   -7.6380014291080D-02
1985.8200000000  -0.12368390884509
1985.8400000000  -0.17065675274820
1985.8600000000  -0.21602557081405
1985.8800000000  -0.25871017617274
1985.9000000000  -0.29735909795898
1985.9200000000  -0.33090086249425
1985.9400000000  -0.35854056835796
1985.9600000000  -0.37904231362700
1985.9800000000  -0.39095622260381
1986.0000000000  -0.39350234841808
1986.0200000000  -0.38662762334154
1986.0400000000  -0.37084453708482
1986.0600000000  -0.34693047860476
1986.0800000000  -0.31534015370513
1986.1000000000  -0.27646941101655
1986.1200000000  -0.23142628702394
1986.1400000000  -0.18205626636092
1986.1600000000  -0.13032266552199
1986.1800000000   -7.7874363946282D-02
1986.2000000000   -2.5549201221212D-02
1986.2200000000    2.5794914689962D-02
1986.2400000000    7.4288164427917D-02
1986.2600000000   0.11836395696783
1986.2800000000   0.15722341200445
1986.3000000000   0.19016244300236
1986.3200000000   0.21618369469908
1986.3400000000   0.23513201286403
1986.3600000000   0.24739424910330
1986.3800000000   0.25356519886588
1986.4000000000   0.25528061143608
1986.4200000000   0.25387640018697
1986.4400000000   0.24986278571842
1986.4600000000   0.24306690010408
1986.4800000000   0.23289333054224
1986.5000000000   0.21835600083890
1986.5200000000   0.19850036625090
1986.5400000000   0.17279864103787
1986.5600000000   0.14154224888574
1986.5800000000   0.10586061251551
1986.6000000000    6.7717499212522D-02
1986.6200000000    2.9474786296325D-02
1986.6400000000   -7.5339901751694D-03
1986.6600000000   -4.3096918834479D-02
1986.6800000000   -7.7282692391580D-02
1986.7000000000  -0.11071595781956
1986.7200000000  -0.14293082882731
1986.7400000000  -0.17218147232007
1986.7600000000  -0.19672090508680
1986.7800000000  -0.21508066700995
1986.8000000000  -0.22588568086414
1986.8200000000  -0.22830038653701
1986.8400000000  -0.22149721978577
1986.8600000000  -0.20463628014433
1986.8800000000  -0.17754926220422
1986.9000000000  -0.14073041982519
1986.9200000000   -9.4889022058521D-02
1986.9400000000   -4.1346475996141D-02
1986.9600000000    1.8035564467958D-02
1986.9800000000    8.0751552603081D-02
1987.0000000000   0.14421017276099
1987.0200000000   0.20575349318654
1987.0400000000   0.26253666281982
1987.0600000000   0.31216104728234
1987.0800000000   0.35262473456236
1987.1000000000   0.38179979647388
1987.1200000000   0.39849799370272
1987.1400000000   0.40249702478092
1987.1600000000   0.39429321630322
1987.1800000000   0.37511329008057
1987.2000000000   0.34689102012530
1987.2200000000   0.31070005596451
1987.2400000000   0.26778431536590
1987.2600000000   0.22052567084491
1987.2800000000   0.17154493715741
1987.3000000000   0.12305297586729
1987.3200000000    7.7132142368605D-02
1987.3400000000    3.5600689031907D-02
1987.3600000000   -4.0288086121054D-04
1987.3800000000   -3.0129831903996D-02
1987.4000000000   -5.3502206672805D-02
1987.4200000000   -7.0368868158975D-02
1987.4400000000   -8.0153886602030D-02
1987.4600000000   -8.3242148855044D-02
1987.4800000000   -8.0581361175519D-02
1987.5000000000   -7.3358912289316D-02
1987.5200000000   -6.2543443868086D-02
1987.5400000000   -4.9431218665756D-02
1987.5600000000   -3.5026133104412D-02
1987.5800000000   -1.9806811314712D-02
1987.6000000000   -4.4157094309529D-03
1987.6200000000    1.0858967363329D-02
1987.6400000000    2.6571206883190D-02
1987.6600000000    4.4324930398367D-02
1987.6800000000    6.5585322071628D-02
1987.7000000000    9.1056849559788D-02
1987.7200000000   0.12109568853350
1987.7400000000   0.15493129264666
1987.7600000000   0.19114298414616
1987.7800000000   0.22883387627190
1987.8000000000   0.26759811395784
1987.8200000000   0.30650703488614
1987.8400000000   0.34355133802447
1987.8600000000   0.37640833847156
1987.8800000000   0.40353164605024
1987.9000000000   0.42375018682869
1987.9200000000   0.43642080730271
1987.9400000000   0.44175100696511
1987.9600000000   0.44051374497873
1987.9800000000   0.43390194433234
1988.0000000000   0.42386996133123
1988.0200000000   0.41256081933596
1988.0400000000   0.40198428412655
1988.0600000000   0.39362885912761
1988.0800000000   0.38899512914341
1988.1000000000   0.38927789606680
1988.1200000000   0.39503867549879
1988.1400000000   0.40590380631843
1988.1600000000   0.42051566019905
1988.1800000000   0.43677094973562
1988.2000000000   0.45219843351216
1988.2200000000   0.46404258611558
1988.2400000000   0.47074767220389
1988.2600000000   0.47182531568870
1988.2800000000   0.46695238622134
1988.3000000000   0.45613350577460
1988.3200000000   0.44020901007561
1988.3400000000   0.42001507110348
1988.3600000000   0.39686398876866
1988.3800000000   0.37206450945130
1988.4000000000   0.34589596588486
1988.4200000000   0.31765000131740
1988.4400000000   0.28594854700025
1988.4600000000   0.24970578054972
1988.4800000000   0.20847238176970
1988.5000000000   0.16236844015210
1988.5200000000   0.11271320008596
1988.5400000000    6.1757058011427D-02
1988.5600000000    1.1429011092403D-02
1988.5800000000   -3.6899453394977D-02
1988.6000000000   -8.2275014101427D-02
1988.6200000000  -0.12449284567224
1988.6400000000  -0.16391880070265
1988.6600000000  -0.20073142395093
1988.6800000000  -0.23460365145681
1988.7000000000  -0.26480429340406
1988.7200000000  -0.29072349958068
1988.7400000000  -0.31189148590585
1988.7600000000  -0.32836938016663
1988.7800000000  -0.34101269646021
1988.8000000000  -0.35092998569318
1988.8200000000  -0.35903734493490
1988.8400000000  -0.36644429295678
1988.8600000000  -0.37412024986633
1988.8800000000  -0.38287773923125
1988.9000000000  -0.39432815605005
1988.9200000000  -0.41011782052477
1988.9400000000  -0.43093615593042
1988.9600000000  -0.45724007865791
1988.9800000000  -0.48848700149676
1989.0000000000  -0.52317674689540
1989.0200000000  -0.56007019152919
1989.0400000000  -0.59741020118971
1989.0600000000  -0.63371823561534
1989.0800000000  -0.66803659099669
1989.1000000000  -0.69873975072942
1989.1200000000  -0.72422923355506
1989.1400000000  -0.74378743667622
1989.1600000000  -0.75686348468734
1989.1800000000  -0.76282106925414
1989.2000000000  -0.76077058832717
1989.2200000000  -0.75018102377362
1989.2400000000  -0.73127446750763
1989.2600000000  -0.70506092477533
1989.2800000000  -0.67260698666938
1989.3000000000  -0.63436255737342
1989.3200000000  -0.59061433972565
1989.3400000000  -0.54161990405077
1989.3600000000  -0.48793905820751
1989.3800000000  -0.43056430356028
1989.4000000000  -0.37041767092256
1989.4200000000  -0.30827819792385
1989.4400000000  -0.24534838841414
1989.4600000000  -0.18307996486526
1989.4800000000  -0.12300808464813
1989.5000000000   -6.6570852853346D-02
1989.5200000000   -1.4990853696684D-02
1989.5400000000    3.0724565465588D-02
1989.5600000000    6.9767237132175D-02
1989.5800000000    1.0124378657939D-01
1989.6000000000   0.12405307848463
1989.6200000000   0.13800661870010
1989.6400000000   0.14465711420761
1989.6600000000   0.14576239453822
1989.6800000000   0.14226831331880
1989.7000000000   0.13421110006171
1989.7200000000   0.12176350858110
1989.7400000000    1.0494870456616D-01
1989.7600000000    8.4268124507500D-02
1989.7800000000    6.0453258817724D-02
1989.8000000000    3.4063766944272D-02
1989.8200000000    4.8830988154687D-03
1989.8400000000   -2.7475003306191D-02
1989.8600000000   -6.2585450708497D-02
1989.8800000000   -1.0065182998979D-01
1989.9000000000  -0.14255683552265
1989.9200000000  -0.18920175555058
1989.9400000000  -0.24093524020216
1989.9600000000  -0.29695304360626
1989.9800000000  -0.35497102414852
1990.0000000000  -0.41201020243305
1990.0200000000  -0.46444725424265
1990.0400000000  -0.50899690027389
1990.0600000000  -0.54273950220773
1990.0800000000  -0.56361882024495
1990.1000000000  -0.57128301694417
1990.1200000000  -0.56675525348742
1990.1400000000  -0.55163852319815
1990.1600000000  -0.52739304947277
1990.1800000000  -0.49479217025944
1990.2000000000  -0.45403632086080
1990.2200000000  -0.40544052650922
1990.2400000000  -0.35058903215022
1990.2600000000  -0.29184233076633
1990.2800000000  -0.23169116027542
1990.3000000000  -0.17267204251694
1990.3200000000  -0.11707609206025
1990.3400000000   -6.6301340732476D-02
1990.3600000000   -2.1684291826563D-02
1990.3800000000    1.5329926310421D-02
1990.4000000000    4.2989690548110D-02
1990.4200000000    5.9807549817992D-02
1990.4400000000    6.5662722324771D-02
1990.4600000000    6.1190234162817D-02
1990.4800000000    4.7579353074983D-02
1990.5000000000    2.6860234971231D-02
1990.5200000000    1.1362323868285D-03
1990.5400000000   -2.6957923970334D-02
1990.5600000000   -5.5282226690924D-02
1990.5800000000   -8.2405179674007D-02
1990.6000000000  -0.10685128374601
1990.6200000000  -0.12638839442715
1990.6400000000  -0.13947919584804
1990.6600000000  -0.14529967595756
1990.6800000000  -0.14381764693153
1990.7000000000  -0.13608420529725
1990.7200000000  -0.12414705675168
1990.7400000000  -0.11056688239308
1990.7600000000   -9.8344749408564D-02
1990.7800000000   -9.0800658224656D-02
1990.8000000000   -9.0072676918889D-02
1990.8200000000   -9.6797548790395D-02
1990.8400000000  -0.11113561289116
1990.8600000000  -0.13249277390337
1990.8800000000  -0.15993795147131
1990.9000000000  -0.19178967767749
1990.9200000000  -0.22529348938339
1990.9400000000  -0.25780026689473
1990.9600000000  -0.28643859687006
1990.9800000000  -0.30782493449287
1991.0000000000  -0.31882448527159
1991.0200000000  -0.31771306305575
1991.0400000000  -0.30556574025063
1991.0600000000  -0.28519717864075
1991.0800000000  -0.25934418854784
1991.1000000000  -0.23010890683595
1991.1200000000  -0.19959427916653
1991.1400000000  -0.17036427385462
1991.1600000000  -0.14472912512914
1991.1800000000  -0.12492541379224
1991.2000000000  -0.11252975729872
1991.2200000000  -0.10750110590781
1991.2400000000  -0.10788918464767
1991.2600000000  -0.11090961443148
1991.2800000000  -0.11391688334408
1991.3000000000  -0.11521462681288
1991.3200000000  -0.11380067247381
1991.3400000000  -0.10910032658063
1991.3600000000   -1.0097833064873D-01
1991.3800000000   -8.9621802250579D-02
1991.4000000000   -7.5308318148139D-02
1991.4200000000   -5.8903874063094D-02
1991.4400000000   -4.1938426217081D-02
1991.4600000000   -2.5352179772713D-02
1991.4800000000   -9.9565334332534D-03
1991.5000000000    3.2735054010322D-03
1991.5200000000    1.3834787800423D-02
1991.5400000000    2.1958036540321D-02
1991.5600000000    2.8709229688459D-02
1991.5800000000    3.5331497300829D-02
1991.6000000000    4.2848405640160D-02
1991.6200000000    5.1673134410439D-02
1991.6400000000    6.1902448430887D-02
1991.6600000000    7.3038979444618D-02
1991.6800000000    8.4023323211325D-02
1991.7000000000    9.3624824093450D-02
1991.7200000000    1.0104949161843D-01
1991.7400000000   0.10544084758099
1991.7600000000   0.10619315143121
1991.7800000000    1.0300648808963D-01
1991.8000000000    9.5479704618534D-02
1991.8200000000    8.3629321463370D-02
1991.8400000000    6.7931368938879D-02
1991.8600000000    5.0983323425981D-02
1991.8800000000    3.5906174147713D-02
1991.9000000000    2.5349671990955D-02
1991.9200000000    2.1294839914595D-02
1991.9400000000    2.4570001457903D-02
1991.9600000000    3.4626367653302D-02
1991.9800000000    4.9225544289494D-02
1992.0000000000    6.5440683574904D-02
1992.0200000000    8.0610367606056D-02
1992.0400000000    9.2636543581724D-02
1992.0600000000    1.0042588752281D-01
1992.0800000000    1.0382478358782D-01
1992.1000000000    1.0308238206760D-01
1992.1200000000    9.9448104366105D-02
1992.1400000000    9.5352738245272D-02
1992.1600000000    9.2532799105354D-02
1992.1800000000    9.1228501056820D-02
1992.2000000000    9.0860357651368D-02
1992.2200000000    9.0129431813707D-02
1992.2400000000    8.7623425871978D-02
1992.2600000000    8.3597437646141D-02
1992.2800000000    7.9131676633104D-02
1992.3000000000    7.5149728916542D-02
1992.3200000000    7.1929064706190D-02
1992.3400000000    6.9616808449041D-02
1992.3600000000    6.8621890865751D-02
1992.3800000000    6.9744255438087D-02
1992.4000000000    7.3826725123269D-02
1992.4200000000    8.1242471564686D-02
1992.4400000000    9.1264785038167D-02
1992.4600000000    1.0201953818300D-01
1992.4800000000   0.11153774011841
1992.5000000000   0.11862969632620
1992.5200000000   0.12340701386659
1992.5400000000   0.12660484668487
1992.5600000000   0.12886342301895
1992.5800000000   0.13039469788848
1992.6000000000   0.13136250099838
1992.6200000000   0.13222160165696
1992.6400000000   0.13341701354309
1992.6600000000   0.13559498039319
1992.6800000000   0.13952481448416
1992.7000000000   0.14588390105087
1992.7200000000   0.15496335716683
1992.7400000000   0.16579606885176
1992.7600000000   0.17582144777734
1992.7800000000   0.18280665866886
1992.8000000000   0.18561335628397
1992.8200000000   0.18391803900421
1992.8400000000   0.17862494034188
1992.8600000000   0.17070038327715
1992.8800000000   0.16039827569691
1992.9000000000   0.14812440786925
1992.9200000000   0.13438165793812
1992.9400000000   0.11892540843075
1992.9600000000    1.0114727022558D-01
1992.9800000000    8.1615575558520D-02
1993.0000000000    6.1965533588856D-02
1993.0200000000    4.3790434059623D-02
1993.0400000000    2.8417728480166D-02
1993.0600000000    1.6396655627742D-02
1993.0800000000    7.4917427398589D-03
1993.1000000000    1.1093943395402D-03
1993.1200000000   -3.1141582959897D-03
1993.1400000000   -5.8064831146737D-03
1993.1600000000   -8.1103539846749D-03
1993.1800000000   -1.1012540748753D-02
1993.2000000000   -1.5118213696454D-02
1993.2200000000   -2.0922476959224D-02
1993.2400000000   -2.7996022845285D-02
1993.2600000000   -3.5906694603216D-02
1993.2800000000   -4.4713700092124D-02
1993.3000000000   -5.4766905424033D-02
1993.3200000000   -6.6232366260770D-02
1993.3400000000   -7.8857547729761D-02
1993.3600000000   -9.2115136591980D-02
1993.3800000000  -0.10575641934636
1993.4000000000  -0.11958377592639
1993.4200000000  -0.13353383595127
1993.4400000000  -0.14767882516277
1993.4600000000  -0.16207244289354
1993.4800000000  -0.17679774698389
1993.5000000000  -0.19208191676050
1993.5200000000  -0.20800823575376
1993.5400000000  -0.22464993568931
1993.5600000000  -0.24213901389549
1993.5800000000  -0.26031145001534
1993.6000000000  -0.27853842163658
1993.6200000000  -0.29622510446910
1993.6400000000  -0.31346681548479
1993.6600000000  -0.33011409648092
1993.6800000000  -0.34542365856779
1993.7000000000  -0.35878191114995
1993.7200000000  -0.36967738063159
1993.7400000000  -0.37697845873297
1993.7600000000  -0.37955783922960
1993.7800000000  -0.37705222148639
1993.8000000000  -0.36958775054533
1993.8200000000  -0.35739057194227
1993.8400000000  -0.34069415010401
1993.8600000000  -0.31988851851525
1993.8800000000  -0.29587987309255
1993.9000000000  -0.27045266324719
1993.9200000000  -0.24627537120648
1993.9400000000  -0.22544037441670
1993.9600000000  -0.20967429993263
1993.9800000000  -0.20011162861004
1994.0000000000  -0.19597164415626
1994.0200000000  -0.19657534167296
1994.0400000000  -0.20133082907947
1994.0600000000  -0.20936480561543
1994.0800000000  -0.21895175060536
1994.1000000000  -0.22903876693800
1994.1200000000  -0.23970772430094
1994.1400000000  -0.25202980699175
1994.1600000000  -0.26745991048967
1994.1800000000  -0.28752797913370
1994.2000000000  -0.31339582927990
1994.2200000000  -0.34495719886837
1994.2400000000  -0.38013444634430
1994.2600000000  -0.41608138676221
1994.2800000000  -0.45079968699226
1994.3000000000  -0.48280662635934
1994.3200000000  -0.51113291863717
1994.3400000000  -0.53569388208049
1994.3600000000  -0.55687604478542
1994.3800000000  -0.57507481136843
1994.4000000000  -0.59052909749485
1994.4200000000  -0.60296897015865
1994.4400000000  -0.61159817911982
1994.4600000000  -0.61567380212835
1994.4800000000  -0.61456755788246
1994.5000000000  -0.60745338477949
1994.5200000000  -0.59351691608141
1994.5400000000  -0.57292646121592
1994.5600000000  -0.54651829331667
1994.5800000000  -0.51528942949581
1994.6000000000  -0.48020754747946
1994.6200000000  -0.44173248071551
1994.6400000000  -0.40030556400133
1994.6600000000  -0.35610370280932
1994.6800000000  -0.30909496930021
1994.7000000000  -0.25969399784477
1994.7200000000  -0.20861898379471
1994.7400000000  -0.15693332799586
1994.7600000000  -0.10581568929024
1994.7800000000   -5.6472570002809D-02
1994.8000000000   -9.3306192151733D-03
1994.8200000000    3.6462237604699D-02
1994.8400000000    8.1814945056030D-02
1994.8600000000   0.12727972928948
1994.8800000000   0.17354867914536
1994.9000000000   0.22092059772746
1994.9200000000   0.26969299735087
1994.9400000000   0.31963760195816
1994.9600000000   0.36979191999697
1994.9800000000   0.41856195295276
1995.0000000000   0.46461025129596
1995.0200000000   0.50750864306922
1995.0400000000   0.54648484515784
1995.0600000000   0.58023800433648
1995.0800000000   0.60727512938564
1995.1000000000   0.62655910895233
1995.1200000000   0.63814547271788
1995.1400000000   0.64336746986271
1995.1600000000   0.64388809820076
1995.1800000000   0.64107172542154
1995.2000000000   0.63519705456996
1995.2200000000   0.62534970200344
1995.2400000000   0.61030622170998
1995.2600000000   0.58956881058372
1995.2800000000   0.56364223202407
1995.3000000000   0.53344260259984
1995.3200000000   0.50007893108061
1995.3400000000   0.46436261053884
1995.3600000000   0.42672241370597
1995.3800000000   0.38830064679090
1995.4000000000   0.35122768820276
1995.4200000000   0.31753077338959
1995.4400000000   0.28883347072817
1995.4600000000   0.26657459038430
1995.4800000000   0.25186520652257
1995.5000000000   0.24536617905433
1995.5200000000   0.24700216954274
1995.5400000000   0.25576312192845
1995.5600000000   0.27005211735695
1995.5800000000   0.28833874873041
1995.6000000000   0.30893193036127
1995.6200000000   0.32972124996469
1995.6400000000   0.34863528360983
1995.6600000000   0.36542046814718
1995.6800000000   0.38042831061549
1995.7000000000   0.39406306300503
1995.7200000000   0.40739772357000
1995.7400000000   0.42211108472188
1995.7600000000   0.44071074594738
1995.7800000000   0.46504474634291
1995.8000000000   0.49492482709078
1995.8200000000   0.52898633182388
1995.8400000000   0.56658703900483
1995.8600000000   0.60724189376233
1995.8800000000   0.65090072143231
1995.9000000000   0.69801723704429
1995.9200000000   0.74871195959931
1995.9400000000   0.80307585297661
1995.9600000000   0.86034243020787
1995.9800000000   0.91884661346637
1996.0000000000   0.97729862902655
2002.0            0.0
