  1981.00098  0.21897218
  1981.02098  0.3954621
  1981.04098  0.662550882
  1981.06098  0.992363194
  1981.08098  1.35473839
  1981.10098  1.71951581
  1981.12098  2.05653483
  1981.14098  2.33563478
  1981.16098  2.52665501
  1981.18098  2.5996149
  1981.20098  2.54322032
  1981.22098  2.38091355
  1981.24098  2.13991898
  1981.26098  1.84746099
  1981.28098  1.53076398
  1981.30098  1.21705234
  1981.32098  0.933550472
  1981.34098  0.707482754
  1981.36098  0.560977292
  1981.38098  0.489465288
  1981.40098  0.479665665
  1981.42098  0.518292501
  1981.44098  0.592059877
  1981.46098  0.687681872
  1981.48098  0.791872568
  1981.50098  0.891346043
  1981.52098  0.973330265
  1981.54098  1.03431998
  1981.56098  1.07884761
  1981.58098  1.11171208
  1981.60098  1.13771231
  1981.62098  1.16164723
  1981.64098  1.18831577
  1981.66098  1.22251686
  1981.68098  1.26904891
  1981.70098  1.33046943
  1981.72098  1.40194308
  1981.74098  1.47711224
  1981.76098  1.54961924
  1981.78098  1.61310644
  1981.80098  1.66121619
  1981.82098  1.68759084
  1981.84098  1.68587273
  1981.86098  1.65035168
  1981.88098  1.58179543
  1981.90098  1.48470151
  1981.92098  1.36361226
  1981.94098  1.22306998
  1981.96098  1.06761698
  1981.98098  0.901795596
  1982.00098  0.730148133
  1982.02098  0.557213042
  1982.04098  0.387326531
  1982.06098  0.224527334
  1982.08098  0.0728303775
  1982.10098 -0.0637494116
  1982.12098 -0.181197106
  1982.14098 -0.27549778
  1982.16098 -0.342636506
  1982.18098 -0.37863317
  1982.20098 -0.382928795
  1982.22098 -0.361220746
  1982.24098 -0.319873858
  1982.26098 -0.265252964
  1982.28098 -0.203722898
  1982.30098 -0.141648492
  1982.32098 -0.0853945818
  1982.34098 -0.0413259996
  1982.36098 -0.014414693
  1982.38098 -0.00259704221
  1982.40098 -0.00159316299
  1982.42098 -0.00712234538
  1982.44098 -0.0149038794
  1982.46098 -0.0206570549
  1982.48098 -0.0201011621
  1982.50098 -0.00895549076
  1982.52098  0.016793982
  1982.54098  0.0565986598
  1982.56098  0.106079858
  1982.58098  0.160740119
  1982.60098  0.216081985
  1982.62098  0.267608
  1982.64098  0.310820705
  1982.66098  0.341222644
  1982.68098  0.35431678
  1982.70098  0.347079783
  1982.72098  0.321264404
  1982.74098  0.279589215
  1982.76098  0.224772784
  1982.78098  0.159533683
  1982.80098  0.086590481
  1982.82098  0.00866174866
  1982.84098 -0.0715339441
  1982.86098 -0.151254634
  1982.88098 -0.227533787
  1982.90098 -0.297279707
  1982.92098 -0.357399341
  1982.94098 -0.404799638
  1982.96098 -0.436387545
  1982.98098 -0.44907001
  1983.00098 -0.439753982
  1983.02098 -0.405428223
  1983.04098 -0.347020488
  1983.06098 -0.271063326
  1983.08098 -0.184517307
  1983.10098 -0.0943430033
  1983.12098 -0.00750098555
  1983.14098  0.069048175
  1983.16098  0.128343907
  1983.18098  0.163476816
  1983.20098  0.17204277
  1983.22098  0.159601357
  1983.24098  0.132526203
  1983.26098  0.0971909318
  1983.28098  0.0599691687
  1983.30098  0.0272345388
  1983.32098  0.00536066698
  1983.34098  0.000721178232
  1983.36098  0.0181338661
  1983.38098  0.0546994338
  1983.40098  0.10513035
  1983.42098  0.164138374
  1983.44098  0.226435264
  1983.46098  0.286732779
  1983.48098  0.339742677
  1983.50098  0.380176717
  1983.52098  0.403037926
  1983.54098  0.408190077
  1983.56098  0.399513652
  1983.58098  0.381009673
  1983.60098  0.356679159
  1983.62098  0.330523129
  1983.64098  0.306542602
  1983.66098  0.288738599
  1983.68098  0.281111194
  1983.70098  0.285565029
  1983.72098  0.29745977
  1983.74098  0.310880759
  1983.76098  0.319913342
  1983.78098  0.318642861
  1983.80098  0.301154661
  1983.82098  0.261534086
  1983.84098  0.193866478
  1983.86098  0.093317664
  1983.88098 -0.0347843773
  1983.90098 -0.179539572
  1983.92098 -0.329990633
  1983.94098 -0.475180272
  1983.96098 -0.604151202
  1983.98098 -0.705946135
  1984.00098 -0.769607784
  1984.02098 -0.78436328
  1984.04098 -0.747981373
  1984.06098 -0.670193149
  1984.08098 -0.561622677
  1984.10098 -0.432894025
  1984.12098 -0.294631262
  1984.14098 -0.157458456
  1984.16098 -0.0319996764
  1984.18098  0.0711285543
  1984.20098  0.144349782
  1984.22098  0.187769861
  1984.24098  0.202689536
  1984.26098  0.190409551
  1984.28098  0.152230648
  1984.30098  0.0894535735
  1984.32098  0.00337906988
  1984.34098 -0.104692119
  1984.36098 -0.232572635
  1984.38098 -0.371533007
  1984.40098 -0.509915675
  1984.42098 -0.636049355
  1984.44098 -0.738262763
  1984.46098 -0.804884616
  1984.48098 -0.824243629
  1984.50098 -0.784668519
  1984.52098 -0.674920166
  1984.54098 -0.49682771
  1984.56098 -0.267306642
  1984.58098 -0.00411084123
  1984.60098  0.275005811
  1984.62098  0.552289435
  1984.64098  0.80998615
  1984.66098  1.03034208
  1984.68098  1.19560333
  1984.70098  1.29278518
  1984.72098  1.33074017
  1984.74098  1.32456739
  1984.76098  1.28936644
  1984.78098  1.24023692
  1984.80098  1.19227843
  1984.82098  1.16059055
  1984.84098  1.16027289
  1984.86098  1.20537217
  1984.88098  1.29411858
  1984.90098  1.41253462
  1984.92098  1.5463269
  1984.94098  1.68120204
  1984.96098  1.80286665
  1984.98098  1.89702734
  1985.00098  1.94939074
  1985.02098  1.9457271
  1985.04098  1.88002721
  1985.06098  1.76253533
  1985.08098  1.60540399
  1985.10098  1.42078568
  1985.12098  1.22083291
  1985.14098  1.0176982
  1985.16098  0.823534047
  1985.18098  0.650481625
  1985.20098  0.506574292
  1985.22098  0.389655679
  1985.24098  0.296016474
  1985.26098  0.221947362
  1985.28098  0.16373903
  1985.30098  0.117682164
  1985.32098  0.0800674511
  1985.34098  0.0471855765
  1985.36098  0.0160149353
  1985.38098 -0.0114882367
  1985.40098 -0.0311769611
  1985.42098 -0.0388947615
  1985.44098 -0.0304851615
  1985.46098 -0.00179168464
  1985.48098  0.0513421454
  1985.50098  0.133072805
  1985.52098  0.247271091
  1985.54098  0.389436745
  1985.56098  0.545556179
  1985.58098  0.701100492
  1985.60098  0.841540785
  1985.62098  0.952348159
  1985.64098  1.01899372
  1985.66098  1.02694855
  1985.68098  0.961683775
  1985.70098  0.813934136
  1985.72098  0.598104744
  1985.74098  0.335251478
  1985.76098  0.0464305713
  1985.78098 -0.247301746
  1985.80098 -0.524889242
  1985.82098 -0.765275686
  1985.84098 -0.947404846
  1985.86098 -1.05150121
  1985.88098 -1.07657816
  1985.90098 -1.03592373
  1985.92098 -0.943182368
  1985.94098 -0.811998511
  1985.96098 -0.656016614
  1985.98098 -0.488881125
  1986.00098 -0.324236493
  1986.02098 -0.175686733
  1986.04098 -0.0519190548
  1986.06098  0.047941621
  1986.08098  0.125870854
  1986.10098  0.183844205
  1986.12098  0.223837233
  1986.14098  0.247825498
  1986.16098  0.25778456
  1986.18098  0.255693041
  1986.20098  0.244538403
  1986.22098  0.229768252
  1986.24098  0.217198122
  1986.26098  0.212643549
  1986.28098  0.221920068
  1986.30098  0.250843212
  1986.32098  0.305228517
  1986.34098  0.390891517
  1986.36098  0.512144362
  1986.38098  0.662623593
  1986.40098  0.831346112
  1986.42098  1.00731034
  1986.44098  1.17951471
  1986.46098  1.33695763
  1986.48098  1.46863754
  1986.50098  1.56355286
  1986.52098  1.6109415
  1986.54098  1.60684418
  1986.56098  1.55491246
  1986.58098  1.45919963
  1986.60098  1.32375896
  1986.62098  1.15264373
  1986.64098  0.949907211
  1986.66098  0.71960269
  1986.68098  0.465783441
  1986.70098  0.19393733
  1986.72098 -0.0841118728
  1986.74098 -0.354791793
  1986.76098 -0.604529999
  1986.78098 -0.819754058
  1986.80098 -0.98689154
  1986.82098 -1.09237001
  1986.84098 -1.12261704
  1986.86098 -1.06536916
  1986.88098 -0.927083804
  1986.90098 -0.728199832
  1986.92098 -0.489491767
  1986.94098 -0.231734135
  1986.96098  0.0242985398
  1986.98098  0.257831733
  1987.00098  0.448090921
  1987.02098  0.574391335
  1987.04098  0.626339021
  1987.06098  0.613226994
  1987.08098  0.546568957
  1987.10098  0.437878609
  1987.12098  0.298669653
  1987.14098  0.140455788
  1987.16098 -0.0252492837
  1987.18098 -0.186941421
  1987.20098 -0.33599326
  1987.22098 -0.47067424
  1987.24098 -0.590265925
  1987.26098 -0.694049876
  1987.28098 -0.781307658
  1987.30098 -0.851320833
  1987.32098 -0.903370963
  1987.34098 -0.936739613
  1987.36098 -0.951016566
  1987.38098 -0.947935551
  1987.40098 -0.930141177
  1987.42098 -0.90028138
  1987.44098 -0.861004097
  1987.46098 -0.814957265
  1987.48098 -0.764788819
  1987.50098 -0.713146697
  1987.52098 -0.662594011
  1987.54098 -0.613426657
  1987.56098 -0.56348229
  1987.58098 -0.510475458
  1987.60098 -0.452120712
  1987.62098 -0.3861326
  1987.64098 -0.310225671
  1987.66098 -0.222114475
  1987.68098 -0.119513561
  1987.70098 -0.00166654561
  1987.72098  0.12555042
  1987.74098  0.254463276
  1987.76098  0.377397928
  1987.78098  0.486680283
  1987.80098  0.574636247
  1987.82098  0.633591728
  1987.84098  0.655872632
  1987.86098  0.634594452
  1987.88098  0.573905607
  1987.90098  0.486064884
  1987.92098  0.38351873
  1987.94098  0.278713596
  1987.96098  0.184095932
  1987.98098  0.112112186
  1988.00098  0.075208808
  1988.02098  0.0857432956
  1988.04098  0.147007695
  1988.06098  0.245534009
  1988.08098  0.366041714
  1988.10098  0.493250287
  1988.12098  0.611879206
  1988.14098  0.706647946
  1988.16098  0.762275984
  1988.18098  0.763483278
  1988.20098  0.700478899
  1988.22098  0.582575673
  1988.24098  0.423239781
  1988.26098  0.235937402
  1988.28098  0.0341347177
  1988.30098 -0.168702092
  1988.32098 -0.359106848
  1988.34098 -0.523613369
  1988.36098 -0.649835849
  1988.38098 -0.736920621
  1988.40098 -0.790993712
  1988.42098 -0.818278438
  1988.44098 -0.824998115
  1988.46098 -0.81737606
  1988.48098 -0.80163559
  1988.50098 -0.78400002
  1988.52098 -0.770639879
  1988.54098 -0.764596023
  1988.56098 -0.764079864
  1988.58098 -0.766889882
  1988.60098 -0.77082456
  1988.62098 -0.77368238
  1988.64098 -0.773261823
  1988.66098 -0.767361372
  1988.68098 -0.753779507
  1988.70098 -0.730648793
  1988.72098 -0.698242994
  1988.74098 -0.657680782
  1988.76098 -0.610082889
  1988.78098 -0.556570049
  1988.80098 -0.498262996
  1988.82098 -0.436282462
  1988.84098 -0.371749181
  1988.86098 -0.30590098
  1988.88098 -0.242813224
  1988.90098 -0.189481424
  1988.92098 -0.153034711
  1988.94098 -0.140602215
  1988.96098 -0.159313067
  1988.98098 -0.216296398
  1989.00098 -0.318681338
  1989.02098 -0.473586933
  1989.04098 -0.681999341
  1989.06098 -0.928372355
  1989.08098 -1.19440203
  1989.10098 -1.4617844
  1989.12098 -1.71221554
  1989.14098 -1.92739149
  1989.16098 -2.0890083
  1989.18098 -2.17876282
  1989.20098 -2.1847694
  1989.22098 -2.11708174
  1989.24098 -1.99043795
  1989.26098 -1.81957612
  1989.28098 -1.61923433
  1989.30098 -1.40415069
  1989.32098 -1.1890633
  1989.34098 -0.988710242
  1989.36098 -0.816706464
  1989.38098 -0.675192761
  1989.40098 -0.559595388
  1989.42098 -0.46525591
  1989.44098 -0.387515891
  1989.46098 -0.321716895
  1989.48098 -0.263200486
  1989.50098 -0.20730823
  1989.52098 -0.149446512
  1989.54098 -0.088554247
  1989.56098 -0.0288498487
  1989.58098  0.0250162672
  1989.60098  0.068393685
  1989.62098  0.0966319892
  1989.64098  0.105080764
  1989.66098  0.0890895949
  1989.68098  0.0440080652
  1989.70098 -0.0337305529
  1989.72098 -0.140876205
  1989.74098 -0.271534782
  1989.76098 -0.419806357
  1989.78098 -0.579791005
  1989.80098 -0.7455888
  1989.82098 -0.911299816
  1989.84098 -1.07102413
  1989.86098 -1.21901754
  1989.88098 -1.35309266
  1989.90098 -1.47460499
  1989.92098 -1.58506299
  1989.94098 -1.68597512
  1989.96098 -1.77884985
  1989.98098 -1.86519563
  1990.00098 -1.94652093
  1990.02098 -2.02432952
  1990.04098 -2.09785794
  1990.06098 -2.16043841
  1990.08098 -2.20445426
  1990.10098 -2.22228882
  1990.12098 -2.20632541
  1990.14098 -2.14894735
  1990.16098 -2.04253798
  1990.18098 -1.87948166
  1990.20098 -1.65683599
  1990.22098 -1.38707549
  1990.24098 -1.08584934
  1990.26098 -0.76880674
  1990.28098 -0.451596865
  1990.30098 -0.149868906
  1990.32098  0.12072795
  1990.34098  0.344544516
  1990.36098  0.507250175
  1990.38098  0.607706795
  1990.40098  0.652372125
  1990.42098  0.647795084
  1990.44098  0.60052459
  1990.46098  0.517109563
  1990.48098  0.404098919
  1990.50098  0.268041577
  1990.52098  0.115487522
  1990.54098 -0.0469575409
  1990.56098 -0.212605943
  1990.58098 -0.374763458
  1990.60098 -0.526735857
  1990.62098 -0.661828913
  1990.64098 -0.7733484
  1990.66098 -0.854600089
  1990.68098 -0.898889753
  1990.70098 -0.901216003
  1990.72098 -0.866836376
  1990.74098 -0.804852687
  1990.76098 -0.724373524
  1990.78098 -0.634507474
  1990.80098 -0.544363126
  1990.82098 -0.463049068
  1990.84098 -0.399673887
  1990.86098 -0.362932649
  1990.88098 -0.352336182
  1990.90098 -0.358389018
  1990.92098 -0.371217766
  1990.94098 -0.380949031
  1990.96098 -0.37770942
  1990.98098 -0.351625539
  1991.00098 -0.292823996
  1991.02098 -0.191446588
  1991.04098 -0.0441875987
  1991.06098  0.135509913
  1991.08098  0.331565071
  1991.10098  0.527896996
  1991.12098  0.708424813
  1991.14098  0.857067642
  1991.16098  0.957744607
  1991.18098  0.994376769
  1991.20098  0.957662609
  1991.22098  0.860265347
  1991.24098  0.719289903
  1991.26098  0.551841195
  1991.28098  0.375024142
  1991.30098  0.205943662
  1991.32098  0.0617046749
  1991.34098 -0.0405879006
  1991.36098 -0.0854849333
  1991.38098 -0.0737637548
  1991.40098 -0.0153938495
  1991.42098  0.0795504351
  1991.44098  0.200994752
  1991.46098  0.338864753
  1991.48098  0.483086092
  1991.50098  0.623584422
  1991.52098  0.75033806
  1991.54098  0.855962887
  1991.56098  0.936887942
  1991.58098  0.989840116
  1991.60098  1.0115463
  1991.62098  0.998733375
  1991.64098  0.948128239
  1991.66098  0.856457777
  1991.68098  0.720448879
  1991.70098  0.539084691
  1991.72098  0.324749562
  1991.74098  0.0947562992
  1991.76098 -0.133574661
  1991.78098 -0.342922882
  1991.80098 -0.51596793
  1991.82098 -0.635389367
  1991.84098 -0.683866759
  1991.86098 -0.644918991
  1991.88098 -0.52019856
  1991.90098 -0.328864033
  1991.92098 -0.0907877468
  1991.94098  0.174157965
  1991.96098  0.446100766
  1991.98098  0.705168324
  1992.00098  0.931488301
  1992.02098  1.10520661
  1992.04098  1.21358115
  1992.06098  1.26173948
  1992.08098  1.25757127
  1992.10098  1.20896617
  1992.12098  1.12381383
  1992.14098  1.0100039
  1992.16098  0.875426049
  1992.18098  0.727969921
  1992.20098  0.575286211
  1992.22098  0.423889426
  1992.24098  0.279956749
  1992.26098  0.149665311
  1992.28098  0.0391922399
  1992.30098 -0.0452853348
  1992.32098 -0.0975902839
  1992.34098 -0.111545478
  1992.36098 -0.0816451346
  1992.38098 -0.0129647982
  1992.40098  0.0809913194
  1992.42098  0.186485186
  1992.44098  0.289778769
  1992.46098  0.377134036
  1992.48098  0.434812955
  1992.50098  0.449077493
  1992.52098  0.406249351
  1992.54098  0.301450854
  1992.56098  0.147815568
  1992.58098 -0.0393192419
  1992.60098 -0.244616313
  1992.62098 -0.452738383
  1992.64098 -0.648348186
  1992.66098 -0.81610846
  1992.68098 -0.940681941
  1992.70098 -1.00849255
  1992.72098 -1.02176206
  1992.74098 -0.991049731
  1992.76098 -0.926989982
  1992.78098 -0.840217254
  1992.80098 -0.741365983
  1992.82098 -0.641070608
  1992.84098 -0.549965565
  1992.86098 -0.47852182
  1992.88098 -0.430275194
  1992.90098 -0.39940168
  1992.92098 -0.37941516
  1992.94098 -0.363829514
  1992.96098 -0.346158623
  1992.98098 -0.319916369
  1993.00098 -0.278616632
  1993.02098 -0.215773363
  1993.04098 -0.127853315
  1993.06098 -0.0221350311
  1993.08098  0.0916290433
  1993.10098  0.203686461
  1993.12098  0.304284776
  1993.14098  0.383671541
  1993.16098  0.43209431
  1993.18098  0.439800637
  1993.20098  0.400051638
  1993.22098  0.320179982
  1993.24098  0.211622192
  1993.26098  0.085815275
  1993.28098 -0.045803764
  1993.30098 -0.171797918
  1993.32098 -0.280730182
  1993.34098 -0.361163549
  1993.36098 -0.402389724
  1993.38098 -0.40491221
  1993.40098 -0.378025718
  1993.42098 -0.331260561
  1993.44098 -0.274147051
  1993.46098 -0.216215501
  1993.48098 -0.166996221
  1993.50098 -0.136019525
  1993.52098 -0.132778869
  1993.54098 -0.161674729
  1993.56098 -0.216855782
  1993.58098 -0.291240917
  1993.60098 -0.377749027
  1993.62098 -0.469299002
  1993.64098 -0.558809733
  1993.66098 -0.639200113
  1993.68098 -0.703389031
  1993.70098 -0.744929098
  1993.72098 -0.762944184
  1993.74098 -0.759450484
  1993.76098 -0.736488812
  1993.78098 -0.696099985
  1993.80098 -0.640324817
  1993.82098 -0.571204123
  1993.84098 -0.490778719
  1993.86098 -0.401079808
  1993.88098 -0.30374542
  1993.90098 -0.199891283
  1993.92098 -0.0905970301
  1993.94098  0.0230577051
  1993.96098  0.139993289
  1993.98098  0.259130089
  1994.00098  0.379388471
  1994.02098  0.499688779
  1994.04098  0.618391733
  1994.06098  0.731848413
  1994.08098  0.835958959
  1994.10098  0.926623508
  1994.12098  0.999742199
  1994.14098  1.05121517
  1994.16098  1.07694256
  1994.18098  1.07282451
  1994.20098  1.03572007
  1994.22098  0.966879029
  1994.24098  0.868807133
  1994.26098  0.744010239
  1994.28098  0.594994204
  1994.30098  0.42426488
  1994.32098  0.234328123
  1994.34098  0.0276897857
  1994.36098 -0.192889747
  1994.38098 -0.420826459
  1994.40098 -0.646585137
  1994.42098 -0.860554205
  1994.44098 -1.05312209
  1994.46098 -1.21467721
  1994.48098 -1.33560799
  1994.50098 -1.40630285
  1994.52098 -1.41720965
  1994.54098 -1.36600321
  1994.56098 -1.26441347
  1994.58098 -1.12578791
  1994.60098 -0.963474029
  1994.62098 -0.790819299
  1994.64098 -0.621171209
  1994.66098 -0.467877242
  1994.68098 -0.344284883
  1994.70098 -0.262109179
  1994.72098 -0.219021614
  1994.74098 -0.205531955
  1994.76098 -0.212092813
  1994.78098 -0.229156803
  1994.80098 -0.247176538
  1994.82098 -0.256604631
  1994.84098 -0.247893696
  1994.86098 -0.211697989
  1994.88098 -0.146627683
  1994.90098 -0.0616961948
  1994.92098  0.033380888
  1994.94098  0.128887978
  1994.96098  0.215109488
  1994.98098  0.282329831
  1995.00098  0.320833418
  1995.02098  0.320905124
  1995.04098  0.277626666
  1995.06098  0.202699774
  1995.08098  0.111423252
  1995.10098  0.0190959063
  1995.12098 -0.0589834587
  1995.14098 -0.107516038
  1995.16098 -0.111203027
  1995.18098 -0.0547456197
  1995.20098  0.0716000821
  1995.22098  0.253044506
  1995.24098  0.468027255
  1995.26098  0.694987711
  1995.28098  0.912365254
  1995.30098  1.09859927
  1995.32098  1.23212913
  1995.34098  1.29139423
  1995.36098  1.25651572
  1995.38098  1.13166783
  1995.40098  0.938988445
  1995.42098  0.701046705
  1995.44098  0.44041176
  1995.46098  0.17965276
  1995.48098 -0.0586611453
  1995.50098 -0.251960807
  1995.52098 -0.377777702
  1995.54098 -0.42518029
  1995.56098 -0.405307997
  1995.58098 -0.331789852
  1995.60098 -0.218254883
  1995.62098 -0.0783321168
  1995.64098  0.0743494188
  1995.66098  0.226160696
  1995.68098  0.363472687
  1995.70098  0.474007307
  1995.72098  0.556655824
  1995.74098  0.615820138
  1995.76098  0.655940983
  1995.78098  0.681459093
  1995.80098  0.696815204
  1995.82098  0.706450051
  1995.84098  0.714804367
  1995.86098  0.726264142
  1995.88098  0.743207654
  1995.90098  0.765472772
  1995.92098  0.792734225
  1995.94098  0.824666744
  1995.96098  0.860945055
  1995.98098  0.90124389
  1996.00098  0.945237978
  1996.02098  0.99260198
  1996.04098  1.04251724
  1996.06098  1.09248612
  1996.08098  1.1396541
  1996.10098  1.18116666
  1996.12098  1.21416929
  1996.14098  1.23580748
  1996.16098  1.2432267
  1996.18098  1.23357245
  1996.20098  1.20466974
  1996.22098  1.15887295
  1996.24098  1.10038857
  1996.26098  1.03342862
  1996.28098  0.962205137
  1996.30098  0.890930134
  1996.32098  0.823815638
  1996.34098  0.765073674
  1996.36098  0.718787703
  1996.38098  0.685834111
  1996.40098  0.66373677
  1996.42098  0.649861883
  1996.44098  0.641575654
  1996.46098  0.636244285
  1996.48098  0.631233979
  1996.50098  0.62391094
  1996.52098  0.611643353
  1996.54098  0.593162704
  1996.56098  0.570939781
  1996.58098  0.54808079
  1996.60098  0.527691935
  1996.62098  0.512879419
  1996.64098  0.506749448
  1996.66098  0.512408226
  1996.68098  0.532961956
  1996.70098  0.571127295
  1996.72098  0.62446167
  1996.74098  0.68686773
  1996.76098  0.752170723
  1996.78098  0.814195899
  1996.80098  0.866768504
  1996.82098  0.903713786
  1996.84098  0.918856994
  1996.86098  0.906063887
  1996.88098  0.862860199
  1996.90098  0.793294089
  1996.92098  0.702087337
  1996.94098  0.593961725
  1996.96098  0.473639034
  1996.98098  0.345841046
  1997.00098  0.215289542
  1997.02098  0.0867063038
  1997.04098 -0.0352378031
  1997.06098 -0.146126378
  1997.08098 -0.241622354
  1997.10098 -0.317388691
  1997.12098 -0.369088348
  1997.14098 -0.392384285
  1997.16098 -0.382939462
  1997.18098 -0.336416837
  1997.20098 -0.249813569
  1997.22098 -0.128678003
  1997.24098  0.0180672664
  1997.26098  0.18149141
  1997.28098  0.352663598
  1997.30098  0.522653002
  1997.32098  0.682528794
  1997.34098  0.823360143
  1997.36098  0.936457247
  1997.38098  1.01897107
  1997.40098  1.0740634
  1997.42098  1.10517106
  1997.44098  1.11573087
  1997.46098  1.10917964
  1997.48098  1.08895422
  1997.50098  1.0584914
  1997.52098  1.02122771
  1997.54098  0.980403777
  1997.56098  0.938732294
  1997.58098  0.898837877
  1997.60098  0.863345142
  1997.62098  0.834878707
  1997.64098  0.816063188
  1997.66098  0.809523202
  1997.68098  0.817883367
  1997.70098  0.843360074
  1997.72098  0.883001789
  1997.74098  0.930310677
  1997.76098  0.978719491
  1997.78098  1.02166098
  1997.80098  1.05256791
  1997.82098  1.06487302
  1997.84098  1.05200906
  1997.86098  1.00745876
  1997.88098  0.92897326
  1997.90098  0.821777638
  1997.92098  0.691851751
  1997.94098  0.545175461
  1997.96098  0.387728629
  1997.98098  0.225491117
  1998.00098  0.0644427873
  1998.02098 -0.0894364991
  1998.04098 -0.230249264
  1998.06098 -0.352502357
  1998.08098 -0.450826469
  1998.10098 -0.51985232
  1998.12098 -0.554210631
  1998.14098 -0.548532126
  1998.16098 -0.497447523
  1998.18098 -0.395587546
  1998.20098 -0.239605421
  1998.22098 -0.0388766597
  1998.24098  0.192288579
  1998.26098  0.43956928
  1998.28098  0.688644428
  1998.30098  0.925193008
  1998.32098  1.134894
  1998.34098  1.3034264
  1998.36098  1.41695297
  1998.38098  1.47300204
  1998.40098  1.48060175
  1998.42098  1.44929084
  1998.44098  1.38860807
  1998.46098  1.30809219
  1998.48098  1.21728195
  1998.50098  1.12571609
  1998.52098  1.04292703
  1998.54098  0.975011497
  1998.56098  0.918963574
  1998.58098  0.870286873
  1998.60098  0.824485013
  1998.62098  0.777061611
  1998.64098  0.723520285
  1998.66098  0.659364651
  1998.68098  0.580098328
  1998.70098  0.48162851
  1998.72098  0.364858773
  1998.74098  0.234067046
  1998.76098  0.0935946859
  1998.78098 -0.0522169525
  1998.80098 -0.199026514
  1998.82098 -0.342492643
  1998.84098 -0.478273985
  1998.86098 -0.60204214
  1998.88098 -0.710521599
  1998.90098 -0.802250721
  1998.92098 -0.875947285
  1998.94098 -0.930329068
  1998.96098 -0.964113847
  1998.98098 -0.976019399
  1999.00098 -0.964763502
  1999.02098 -0.929063932
  1999.04098 -0.86895581
  1999.06098 -0.790823416
  1999.08098 -0.702961405
  1999.10098 -0.613664809
  1999.12098 -0.531228661
  1999.14098 -0.463947996
  1999.16098 -0.420117846
  1999.18098 -0.408033245
  1999.20098 -0.434129654
  1999.22098 -0.493361473
  1999.24098 -0.576305926
  1999.26098 -0.673531598
  1999.28098 -0.775607074
  1999.30098 -0.873100939
  1999.32098 -0.956581777
  1999.34098 -1.01661817
  1999.36098 -1.04409054
  1999.38098 -1.03700088
  1999.40098 -1.000445
  1999.42098 -0.939824984
  1999.44098 -0.860542886
  1999.46098 -0.768000777
  1999.48098 -0.667600723
  1999.50098 -0.564744792
  1999.52098 -0.464831976
  1999.54098 -0.371934624
  1999.56098 -0.286734072
  1999.58098 -0.209377592
  1999.60098 -0.140012454
  1999.62098 -0.0787859312
  1999.64098 -0.0258452943
  1999.66098  0.0186621848
  1999.68098  0.0545892346
  1999.70098  0.0818448153
  1999.72098  0.101018803
  1999.74098  0.113153651
  1999.76098  0.119299979
  1999.78098  0.120508404
  1999.80098  0.117829543
  1999.82098  0.112314015
  1999.84098  0.105012436
  2002.       0
